# JRE version: Java(TM) SE Runtime Environment (7.0_79-b15) (build 1.7.0_79-b15)
# Java VM: Java HotSpot(TM) 64-Bit Server VM (24.79-b02 mixed mode linux-amd64 compressed oops)
Heap
 PSYoungGen      total 436736K, used 0K [0x00000000d7f00000, 0x0000000100000000, 0x0000000100000000)
  eden space 218112K, 0% used [0x00000000d7f00000,0x00000000d7f00000,0x00000000e5400000)
  from space 218624K, 0% used [0x00000000e5400000,0x00000000e5400000,0x00000000f2980000)
  to   space 218624K, 0% used [0x00000000f2a80000,0x00000000f2a80000,0x0000000100000000)
 ParOldGen       total 714240K, used 568432K [0x0000000087e00000, 0x00000000b3780000, 0x00000000d7f00000)
  object space 714240K, 79% used [0x0000000087e00000,0x00000000aa91c078,0x00000000b3780000)
 PSPermGen       total 60928K, used 36510K [0x0000000082c00000, 0x0000000086780000, 0x0000000087e00000)
  object space 60928K, 59% used [0x0000000082c00000,0x0000000084fa7860,0x0000000086780000)
GC Heap History (10 events):
Event: 24.279 GC heap after
Heap after GC invocations=47 (full 8):
 PSYoungGen      total 437760K, used 0K [0x00000000d7f00000, 0x0000000100000000, 0x0000000100000000)
  eden space 219136K, 0% used [0x00000000d7f00000,0x00000000d7f00000,0x00000000e5500000)
  from space 218624K, 0% used [0x00000000e5500000,0x00000000e5500000,0x00000000f2a80000)
  to   space 218624K, 0% used [0x00000000f2a80000,0x00000000f2a80000,0x0000000100000000)
 ParOldGen       total 714240K, used 380463K [0x0000000087e00000, 0x00000000b3780000, 0x00000000d7f00000)
  object space 714240K, 53% used [0x0000000087e00000,0x000000009f18bc80,0x00000000b3780000)
 PSPermGen       total 60928K, used 36471K [0x0000000082c00000, 0x0000000086780000, 0x0000000087e00000)
  object space 60928K, 59% used [0x0000000082c00000,0x0000000084f9de98,0x0000000086780000)
}
Event: 24.459 GC heap before
{Heap before GC invocations=48 (full 8):
 PSYoungGen      total 437760K, used 219136K [0x00000000d7f00000, 0x0000000100000000, 0x0000000100000000)
  eden space 219136K, 100% used [0x00000000d7f00000,0x00000000e5500000,0x00000000e5500000)
  from space 218624K, 0% used [0x00000000e5500000,0x00000000e5500000,0x00000000f2a80000)
  to   space 218624K, 0% used [0x00000000f2a80000,0x00000000f2a80000,0x0000000100000000)
 ParOldGen       total 714240K, used 380463K [0x0000000087e00000, 0x00000000b3780000, 0x00000000d7f00000)
  object space 714240K, 53% used [0x0000000087e00000,0x000000009f18bc80,0x00000000b3780000)
 PSPermGen       total 60928K, used 36471K [0x0000000082c00000, 0x0000000086780000, 0x0000000087e00000)
  object space 60928K, 59% used [0x0000000082c00000,0x0000000084f9de98,0x0000000086780000)
Event: 24.555 GC heap after
Heap after GC invocations=48 (full 8):
 PSYoungGen      total 437760K, used 107808K [0x00000000d7f00000, 0x0000000100000000, 0x0000000100000000)
  eden space 219136K, 0% used [0x00000000d7f00000,0x00000000d7f00000,0x00000000e5500000)
  from space 218624K, 49% used [0x00000000f2a80000,0x00000000f93c8030,0x0000000100000000)
  to   space 218624K, 0% used [0x00000000e5500000,0x00000000e5500000,0x00000000f2a80000)
 ParOldGen       total 714240K, used 380463K [0x0000000087e00000, 0x00000000b3780000, 0x00000000d7f00000)
  object space 714240K, 53% used [0x0000000087e00000,0x000000009f18bc80,0x00000000b3780000)
 PSPermGen       total 60928K, used 36471K [0x0000000082c00000, 0x0000000086780000, 0x0000000087e00000)
  object space 60928K, 59% used [0x0000000082c00000,0x0000000084f9de98,0x0000000086780000)
}
Event: 24.744 GC heap before
{Heap before GC invocations=49 (full 8):
 PSYoungGen      total 437760K, used 326944K [0x00000000d7f00000, 0x0000000100000000, 0x0000000100000000)
  eden space 219136K, 100% used [0x00000000d7f00000,0x00000000e5500000,0x00000000e5500000)
  from space 218624K, 49% used [0x00000000f2a80000,0x00000000f93c8030,0x0000000100000000)
  to   space 218624K, 0% used [0x00000000e5500000,0x00000000e5500000,0x00000000f2a80000)
 ParOldGen       total 714240K, used 380463K [0x0000000087e00000, 0x00000000b3780000, 0x00000000d7f00000)
  object space 714240K, 53% used [0x0000000087e00000,0x000000009f18bc80,0x00000000b3780000)
 PSPermGen       total 60928K, used 36471K [0x0000000082c00000, 0x0000000086780000, 0x0000000087e00000)
  object space 60928K, 59% used [0x0000000082c00000,0x0000000084f9de98,0x0000000086780000)
Event: 24.926 GC heap after
Heap after GC invocations=49 (full 8):
 PSYoungGen      total 328192K, used 108980K [0x00000000d7f00000, 0x00000000ffe00000, 0x0000000100000000)
  eden space 219136K, 0% used [0x00000000d7f00000,0x00000000d7f00000,0x00000000e5500000)
  from space 109056K, 99% used [0x00000000e5500000,0x00000000ebf6d1e8,0x00000000ebf80000)
  to   space 217600K, 0% used [0x00000000f2980000,0x00000000f2980000,0x00000000ffe00000)
 ParOldGen       total 714240K, used 488519K [0x0000000087e00000, 0x00000000b3780000, 0x00000000d7f00000)
  object space 714240K, 68% used [0x0000000087e00000,0x00000000a5b11cb0,0x00000000b3780000)
 PSPermGen       total 60928K, used 36471K [0x0000000082c00000, 0x0000000086780000, 0x0000000087e00000)
  object space 60928K, 59% used [0x0000000082c00000,0x0000000084f9de98,0x0000000086780000)
}
Event: 25.404 GC heap before
{Heap before GC invocations=50 (full 8):
 PSYoungGen      total 328192K, used 328116K [0x00000000d7f00000, 0x00000000ffe00000, 0x0000000100000000)
  eden space 219136K, 100% used [0x00000000d7f00000,0x00000000e5500000,0x00000000e5500000)
  from space 109056K, 99% used [0x00000000e5500000,0x00000000ebf6d1e8,0x00000000ebf80000)
  to   space 217600K, 0% used [0x00000000f2980000,0x00000000f2980000,0x00000000ffe00000)
 ParOldGen       total 714240K, used 488519K [0x0000000087e00000, 0x00000000b3780000, 0x00000000d7f00000)
  object space 714240K, 68% used [0x0000000087e00000,0x00000000a5b11cb0,0x00000000b3780000)
 PSPermGen       total 60928K, used 36527K [0x0000000082c00000, 0x0000000086780000, 0x0000000087e00000)
  object space 60928K, 59% used [0x0000000082c00000,0x0000000084fabdb8,0x0000000086780000)
Event: 25.549 GC heap after
Heap after GC invocations=50 (full 8):
 PSYoungGen      total 435712K, used 177578K [0x00000000d7f00000, 0x0000000100000000, 0x0000000100000000)
  eden space 218112K, 0% used [0x00000000d7f00000,0x00000000d7f00000,0x00000000e5400000)
  from space 217600K, 81% used [0x00000000f2980000,0x00000000fd6eaab8,0x00000000ffe00000)
  to   space 218624K, 0% used [0x00000000e5400000,0x00000000e5400000,0x00000000f2980000)
 ParOldGen       total 714240K, used 488519K [0x0000000087e00000, 0x00000000b3780000, 0x00000000d7f00000)
  object space 714240K, 68% used [0x0000000087e00000,0x00000000a5b11cb0,0x00000000b3780000)
 PSPermGen       total 60928K, used 36527K [0x0000000082c00000, 0x0000000086780000, 0x0000000087e00000)
  object space 60928K, 59% used [0x0000000082c00000,0x0000000084fabdb8,0x0000000086780000)
}
Event: 25.637 GC heap before
{Heap before GC invocations=51 (full 8):
 PSYoungGen      total 435712K, used 395690K [0x00000000d7f00000, 0x0000000100000000, 0x0000000100000000)
  eden space 218112K, 100% used [0x00000000d7f00000,0x00000000e5400000,0x00000000e5400000)
  from space 217600K, 81% used [0x00000000f2980000,0x00000000fd6eaab8,0x00000000ffe00000)
  to   space 218624K, 0% used [0x00000000e5400000,0x00000000e5400000,0x00000000f2980000)
 ParOldGen       total 714240K, used 488519K [0x0000000087e00000, 0x00000000b3780000, 0x00000000d7f00000)
  object space 714240K, 68% used [0x0000000087e00000,0x00000000a5b11cb0,0x00000000b3780000)
 PSPermGen       total 60928K, used 36527K [0x0000000082c00000, 0x0000000086780000, 0x0000000087e00000)
  object space 60928K, 59% used [0x0000000082c00000,0x0000000084fabe80,0x0000000086780000)
Event: 25.784 GC heap after
Heap after GC invocations=51 (full 8):
 PSYoungGen      total 436736K, used 15680K [0x00000000d7f00000, 0x0000000100000000, 0x0000000100000000)
  eden space 218112K, 0% used [0x00000000d7f00000,0x00000000d7f00000,0x00000000e5400000)
  from space 218624K, 7% used [0x00000000e5400000,0x00000000e6350030,0x00000000f2980000)
  to   space 218624K, 0% used [0x00000000f2a80000,0x00000000f2a80000,0x0000000100000000)
 ParOldGen       total 714240K, used 666247K [0x0000000087e00000, 0x00000000b3780000, 0x00000000d7f00000)
  object space 714240K, 93% used [0x0000000087e00000,0x00000000b08a1f48,0x00000000b3780000)
 PSPermGen       total 60928K, used 36527K [0x0000000082c00000, 0x0000000086780000, 0x0000000087e00000)
  object space 60928K, 59% used [0x0000000082c00000,0x0000000084fabe80,0x0000000086780000)
}
Event: 25.785 GC heap before
{Heap before GC invocations=52 (full 9):
 PSYoungGen      total 436736K, used 15680K [0x00000000d7f00000, 0x0000000100000000, 0x0000000100000000)
  eden space 218112K, 0% used [0x00000000d7f00000,0x00000000d7f00000,0x00000000e5400000)
  from space 218624K, 7% used [0x00000000e5400000,0x00000000e6350030,0x00000000f2980000)
  to   space 218624K, 0% used [0x00000000f2a80000,0x00000000f2a80000,0x0000000100000000)
 ParOldGen       total 714240K, used 666247K [0x0000000087e00000, 0x00000000b3780000, 0x00000000d7f00000)
  object space 714240K, 93% used [0x0000000087e00000,0x00000000b08a1f48,0x00000000b3780000)
 PSPermGen       total 60928K, used 36527K [0x0000000082c00000, 0x0000000086780000, 0x0000000087e00000)
  object space 60928K, 59% used [0x0000000082c00000,0x0000000084fabe80,0x0000000086780000)

