# JRE version: Java(TM) SE Runtime Environment (7.0_79-b15) (build 1.7.0_79-b15)
# Java VM: Java HotSpot(TM) 64-Bit Server VM (24.79-b02 mixed mode linux-amd64 compressed oops)
Heap
 PSYoungGen      total 410624K, used 0K [0x00000000d7f00000, 0x0000000100000000, 0x0000000100000000)
  eden space 219136K, 0% used [0x00000000d7f00000,0x00000000d7f00000,0x00000000e5500000)
  from space 191488K, 0% used [0x00000000f4500000,0x00000000f4500000,0x0000000100000000)
  to   space 218624K, 0% used [0x00000000e5500000,0x00000000e5500000,0x00000000f2a80000)
 ParOldGen       total 1097216K, used 1084766K [0x0000000087e00000, 0x00000000cad80000, 0x00000000d7f00000)
  object space 1097216K, 98% used [0x0000000087e00000,0x00000000ca157b58,0x00000000cad80000)
 PSPermGen       total 77312K, used 53465K [0x0000000082c00000, 0x0000000087780000, 0x0000000087e00000)
  object space 77312K, 69% used [0x0000000082c00000,0x0000000086036570,0x0000000087780000)
GC Heap History (10 events):
Event: 61.697 GC heap after
Heap after GC invocations=73 (full 11):
 PSYoungGen      total 470528K, used 97568K [0x00000000d7f00000, 0x00000000ff980000, 0x0000000100000000)
  eden space 297472K, 0% used [0x00000000d7f00000,0x00000000d7f00000,0x00000000ea180000)
  from space 173056K, 56% used [0x00000000f5080000,0x00000000fafc8020,0x00000000ff980000)
  to   space 176128K, 0% used [0x00000000ea180000,0x00000000ea180000,0x00000000f4d80000)
 ParOldGen       total 1097216K, used 935716K [0x0000000087e00000, 0x00000000cad80000, 0x00000000d7f00000)
  object space 1097216K, 85% used [0x0000000087e00000,0x00000000c0fc9290,0x00000000cad80000)
 PSPermGen       total 77312K, used 53464K [0x0000000082c00000, 0x0000000087780000, 0x0000000087e00000)
  object space 77312K, 69% used [0x0000000082c00000,0x0000000086036278,0x0000000087780000)
}
Event: 61.839 GC heap before
{Heap before GC invocations=74 (full 11):
 PSYoungGen      total 470528K, used 395040K [0x00000000d7f00000, 0x00000000ff980000, 0x0000000100000000)
  eden space 297472K, 100% used [0x00000000d7f00000,0x00000000ea180000,0x00000000ea180000)
  from space 173056K, 56% used [0x00000000f5080000,0x00000000fafc8020,0x00000000ff980000)
  to   space 176128K, 0% used [0x00000000ea180000,0x00000000ea180000,0x00000000f4d80000)
 ParOldGen       total 1097216K, used 935716K [0x0000000087e00000, 0x00000000cad80000, 0x00000000d7f00000)
  object space 1097216K, 85% used [0x0000000087e00000,0x00000000c0fc9290,0x00000000cad80000)
 PSPermGen       total 77312K, used 53464K [0x0000000082c00000, 0x0000000087780000, 0x0000000087e00000)
  object space 77312K, 69% used [0x0000000082c00000,0x0000000086036278,0x0000000087780000)
Event: 61.919 GC heap after
Heap after GC invocations=74 (full 11):
 PSYoungGen      total 473600K, used 116544K [0x00000000d7f00000, 0x0000000100000000, 0x0000000100000000)
  eden space 297472K, 0% used [0x00000000d7f00000,0x00000000d7f00000,0x00000000ea180000)
  from space 176128K, 66% used [0x00000000ea180000,0x00000000f1350020,0x00000000f4d80000)
  to   space 180736K, 0% used [0x00000000f4f80000,0x00000000f4f80000,0x0000000100000000)
 ParOldGen       total 1097216K, used 935716K [0x0000000087e00000, 0x00000000cad80000, 0x00000000d7f00000)
  object space 1097216K, 85% used [0x0000000087e00000,0x00000000c0fc9290,0x00000000cad80000)
 PSPermGen       total 77312K, used 53464K [0x0000000082c00000, 0x0000000087780000, 0x0000000087e00000)
  object space 77312K, 69% used [0x0000000082c00000,0x0000000086036278,0x0000000087780000)
}
Event: 62.068 GC heap before
{Heap before GC invocations=75 (full 11):
 PSYoungGen      total 473600K, used 414016K [0x00000000d7f00000, 0x0000000100000000, 0x0000000100000000)
  eden space 297472K, 100% used [0x00000000d7f00000,0x00000000ea180000,0x00000000ea180000)
  from space 176128K, 66% used [0x00000000ea180000,0x00000000f1350020,0x00000000f4d80000)
  to   space 180736K, 0% used [0x00000000f4f80000,0x00000000f4f80000,0x0000000100000000)
 ParOldGen       total 1097216K, used 935716K [0x0000000087e00000, 0x00000000cad80000, 0x00000000d7f00000)
  object space 1097216K, 85% used [0x0000000087e00000,0x00000000c0fc9290,0x00000000cad80000)
 PSPermGen       total 77312K, used 53464K [0x0000000082c00000, 0x0000000087780000, 0x0000000087e00000)
  object space 77312K, 69% used [0x0000000082c00000,0x0000000086036278,0x0000000087780000)
Event: 62.162 GC heap after
Heap after GC invocations=75 (full 11):
 PSYoungGen      total 454144K, used 135488K [0x00000000d7f00000, 0x0000000100000000, 0x0000000100000000)
  eden space 273408K, 0% used [0x00000000d7f00000,0x00000000d7f00000,0x00000000e8a00000)
  from space 180736K, 74% used [0x00000000f4f80000,0x00000000fd3d0020,0x0000000100000000)
  to   space 191488K, 0% used [0x00000000e8a00000,0x00000000e8a00000,0x00000000f4500000)
 ParOldGen       total 1097216K, used 935716K [0x0000000087e00000, 0x00000000cad80000, 0x00000000d7f00000)
  object space 1097216K, 85% used [0x0000000087e00000,0x00000000c0fc9290,0x00000000cad80000)
 PSPermGen       total 77312K, used 53464K [0x0000000082c00000, 0x0000000087780000, 0x0000000087e00000)
  object space 77312K, 69% used [0x0000000082c00000,0x0000000086036278,0x0000000087780000)
}
Event: 62.532 GC heap before
{Heap before GC invocations=76 (full 11):
 PSYoungGen      total 454144K, used 408816K [0x00000000d7f00000, 0x0000000100000000, 0x0000000100000000)
  eden space 273408K, 99% used [0x00000000d7f00000,0x00000000e89ec048,0x00000000e8a00000)
  from space 180736K, 74% used [0x00000000f4f80000,0x00000000fd3d0020,0x0000000100000000)
  to   space 191488K, 0% used [0x00000000e8a00000,0x00000000e8a00000,0x00000000f4500000)
 ParOldGen       total 1097216K, used 935716K [0x0000000087e00000, 0x00000000cad80000, 0x00000000d7f00000)
  object space 1097216K, 85% used [0x0000000087e00000,0x00000000c0fc9290,0x00000000cad80000)
 PSPermGen       total 77312K, used 53464K [0x0000000082c00000, 0x0000000087780000, 0x0000000087e00000)
  object space 77312K, 69% used [0x0000000082c00000,0x0000000086036278,0x0000000087780000)
Event: 62.663 GC heap after
Heap after GC invocations=76 (full 11):
 PSYoungGen      total 464896K, used 191465K [0x00000000d7f00000, 0x0000000100000000, 0x0000000100000000)
  eden space 273408K, 0% used [0x00000000d7f00000,0x00000000d7f00000,0x00000000e8a00000)
  from space 191488K, 99% used [0x00000000e8a00000,0x00000000f44fa640,0x00000000f4500000)
  to   space 191488K, 0% used [0x00000000f4500000,0x00000000f4500000,0x0000000100000000)
 ParOldGen       total 1097216K, used 941588K [0x0000000087e00000, 0x00000000cad80000, 0x00000000d7f00000)
  object space 1097216K, 85% used [0x0000000087e00000,0x00000000c1585290,0x00000000cad80000)
 PSPermGen       total 77312K, used 53464K [0x0000000082c00000, 0x0000000087780000, 0x0000000087e00000)
  object space 77312K, 69% used [0x0000000082c00000,0x0000000086036278,0x0000000087780000)
}
Event: 63.487 GC heap before
{Heap before GC invocations=77 (full 11):
 PSYoungGen      total 464896K, used 464873K [0x00000000d7f00000, 0x0000000100000000, 0x0000000100000000)
  eden space 273408K, 100% used [0x00000000d7f00000,0x00000000e8a00000,0x00000000e8a00000)
  from space 191488K, 99% used [0x00000000e8a00000,0x00000000f44fa640,0x00000000f4500000)
  to   space 191488K, 0% used [0x00000000f4500000,0x00000000f4500000,0x0000000100000000)
 ParOldGen       total 1097216K, used 941588K [0x0000000087e00000, 0x00000000cad80000, 0x00000000d7f00000)
  object space 1097216K, 85% used [0x0000000087e00000,0x00000000c1585290,0x00000000cad80000)
 PSPermGen       total 77312K, used 53465K [0x0000000082c00000, 0x0000000087780000, 0x0000000087e00000)
  object space 77312K, 69% used [0x0000000082c00000,0x0000000086036570,0x0000000087780000)
Event: 63.672 GC heap after
Heap after GC invocations=77 (full 11):
 PSYoungGen      total 410624K, used 191465K [0x00000000d7f00000, 0x0000000100000000, 0x0000000100000000)
  eden space 219136K, 0% used [0x00000000d7f00000,0x00000000d7f00000,0x00000000e5500000)
  from space 191488K, 99% used [0x00000000f4500000,0x00000000ffffa620,0x0000000100000000)
  to   space 218624K, 0% used [0x00000000e5500000,0x00000000e5500000,0x00000000f2a80000)
 ParOldGen       total 1097216K, used 1030068K [0x0000000087e00000, 0x00000000cad80000, 0x00000000d7f00000)
  object space 1097216K, 93% used [0x0000000087e00000,0x00000000c6bed2b0,0x00000000cad80000)
 PSPermGen       total 77312K, used 53465K [0x0000000082c00000, 0x0000000087780000, 0x0000000087e00000)
  object space 77312K, 69% used [0x0000000082c00000,0x0000000086036570,0x0000000087780000)
}
Event: 63.672 GC heap before
{Heap before GC invocations=78 (full 12):
 PSYoungGen      total 410624K, used 191465K [0x00000000d7f00000, 0x0000000100000000, 0x0000000100000000)
  eden space 219136K, 0% used [0x00000000d7f00000,0x00000000d7f00000,0x00000000e5500000)
  from space 191488K, 99% used [0x00000000f4500000,0x00000000ffffa620,0x0000000100000000)
  to   space 218624K, 0% used [0x00000000e5500000,0x00000000e5500000,0x00000000f2a80000)
 ParOldGen       total 1097216K, used 1030068K [0x0000000087e00000, 0x00000000cad80000, 0x00000000d7f00000)
  object space 1097216K, 93% used [0x0000000087e00000,0x00000000c6bed2b0,0x00000000cad80000)
 PSPermGen       total 77312K, used 53465K [0x0000000082c00000, 0x0000000087780000, 0x0000000087e00000)
  object space 77312K, 69% used [0x0000000082c00000,0x0000000086036570,0x0000000087780000)

