# JRE version: Java(TM) SE Runtime Environment (7.0_79-b15) (build 1.7.0_79-b15)
# Java VM: Java HotSpot(TM) 64-Bit Server VM (24.79-b02 mixed mode linux-amd64 compressed oops)
Heap
 PSYoungGen      total 445952K, used 50176K [0x00000000d7f00000, 0x00000000f9680000, 0x0000000100000000)
  eden space 360960K, 0% used [0x00000000d7f00000,0x00000000d7f00000,0x00000000edf80000)
  from space 84992K, 59% used [0x00000000edf80000,0x00000000f1080010,0x00000000f3280000)
  to   space 73216K, 0% used [0x00000000f3280000,0x00000000f3280000,0x00000000f7a00000)
 ParOldGen       total 208896K, used 165618K [0x0000000087e00000, 0x0000000094a00000, 0x00000000d7f00000)
  object space 208896K, 79% used [0x0000000087e00000,0x0000000091fbcb20,0x0000000094a00000)
 PSPermGen       total 83968K, used 54982K [0x0000000082c00000, 0x0000000087e00000, 0x0000000087e00000)
  object space 83968K, 65% used [0x0000000082c00000,0x00000000861b1868,0x0000000087e00000)
GC Heap History (10 events):
Event: 81.986 GC heap after
Heap after GC invocations=17 (full 2):
 PSYoungGen      total 281600K, used 0K [0x00000000d7f00000, 0x00000000f4800000, 0x0000000100000000)
  eden space 232448K, 0% used [0x00000000d7f00000,0x00000000d7f00000,0x00000000e6200000)
  from space 49152K, 0% used [0x00000000e6200000,0x00000000e6200000,0x00000000e9200000)
  to   space 64512K, 0% used [0x00000000f0900000,0x00000000f0900000,0x00000000f4800000)
 ParOldGen       total 187392K, used 101013K [0x0000000087e00000, 0x0000000093500000, 0x00000000d7f00000)
  object space 187392K, 53% used [0x0000000087e00000,0x000000008e0a55e8,0x0000000093500000)
 PSPermGen       total 83968K, used 54920K [0x0000000082c00000, 0x0000000087e00000, 0x0000000087e00000)
  object space 83968K, 65% used [0x0000000082c00000,0x00000000861a20d0,0x0000000087e00000)
}
Event: 83.379 GC heap before
{Heap before GC invocations=18 (full 2):
 PSYoungGen      total 281600K, used 232448K [0x00000000d7f00000, 0x00000000f4800000, 0x0000000100000000)
  eden space 232448K, 100% used [0x00000000d7f00000,0x00000000e6200000,0x00000000e6200000)
  from space 49152K, 0% used [0x00000000e6200000,0x00000000e6200000,0x00000000e9200000)
  to   space 64512K, 0% used [0x00000000f0900000,0x00000000f0900000,0x00000000f4800000)
 ParOldGen       total 187392K, used 101013K [0x0000000087e00000, 0x0000000093500000, 0x00000000d7f00000)
  object space 187392K, 53% used [0x0000000087e00000,0x000000008e0a55e8,0x0000000093500000)
 PSPermGen       total 83968K, used 54920K [0x0000000082c00000, 0x0000000087e00000, 0x0000000087e00000)
  object space 83968K, 65% used [0x0000000082c00000,0x00000000861a2130,0x0000000087e00000)
Event: 83.451 GC heap after
Heap after GC invocations=18 (full 2):
 PSYoungGen      total 357376K, used 48032K [0x00000000d7f00000, 0x00000000f3800000, 0x0000000100000000)
  eden space 309248K, 0% used [0x00000000d7f00000,0x00000000d7f00000,0x00000000ead00000)
  from space 48128K, 99% used [0x00000000f0900000,0x00000000f37e8020,0x00000000f3800000)
  to   space 69632K, 0% used [0x00000000eb000000,0x00000000eb000000,0x00000000ef400000)
 ParOldGen       total 187392K, used 101013K [0x0000000087e00000, 0x0000000093500000, 0x00000000d7f00000)
  object space 187392K, 53% used [0x0000000087e00000,0x000000008e0a55e8,0x0000000093500000)
 PSPermGen       total 83968K, used 54920K [0x0000000082c00000, 0x0000000087e00000, 0x0000000087e00000)
  object space 83968K, 65% used [0x0000000082c00000,0x00000000861a2130,0x0000000087e00000)
}
Event: 90.071 GC heap before
{Heap before GC invocations=19 (full 2):
 PSYoungGen      total 357376K, used 357280K [0x00000000d7f00000, 0x00000000f3800000, 0x0000000100000000)
  eden space 309248K, 100% used [0x00000000d7f00000,0x00000000ead00000,0x00000000ead00000)
  from space 48128K, 99% used [0x00000000f0900000,0x00000000f37e8020,0x00000000f3800000)
  to   space 69632K, 0% used [0x00000000eb000000,0x00000000eb000000,0x00000000ef400000)
 ParOldGen       total 187392K, used 101013K [0x0000000087e00000, 0x0000000093500000, 0x00000000d7f00000)
  object space 187392K, 53% used [0x0000000087e00000,0x000000008e0a55e8,0x0000000093500000)
 PSPermGen       total 83968K, used 54958K [0x0000000082c00000, 0x0000000087e00000, 0x0000000087e00000)
  object space 83968K, 65% used [0x0000000082c00000,0x00000000861ab800,0x0000000087e00000)
Event: 90.188 GC heap after
Heap after GC invocations=19 (full 2):
 PSYoungGen      total 381952K, used 46914K [0x00000000d7f00000, 0x00000000f7a00000, 0x0000000100000000)
  eden space 312320K, 0% used [0x00000000d7f00000,0x00000000d7f00000,0x00000000eb000000)
  from space 69632K, 67% used [0x00000000eb000000,0x00000000eddd08e8,0x00000000ef400000)
  to   space 73216K, 0% used [0x00000000f3280000,0x00000000f3280000,0x00000000f7a00000)
 ParOldGen       total 187392K, used 149037K [0x0000000087e00000, 0x0000000093500000, 0x00000000d7f00000)
  object space 187392K, 79% used [0x0000000087e00000,0x0000000090f8b5f8,0x0000000093500000)
 PSPermGen       total 83968K, used 54958K [0x0000000082c00000, 0x0000000087e00000, 0x0000000087e00000)
  object space 83968K, 65% used [0x0000000082c00000,0x00000000861ab800,0x0000000087e00000)
}
Event: 90.188 GC heap before
{Heap before GC invocations=20 (full 3):
 PSYoungGen      total 381952K, used 46914K [0x00000000d7f00000, 0x00000000f7a00000, 0x0000000100000000)
  eden space 312320K, 0% used [0x00000000d7f00000,0x00000000d7f00000,0x00000000eb000000)
  from space 69632K, 67% used [0x00000000eb000000,0x00000000eddd08e8,0x00000000ef400000)
  to   space 73216K, 0% used [0x00000000f3280000,0x00000000f3280000,0x00000000f7a00000)
 ParOldGen       total 187392K, used 149037K [0x0000000087e00000, 0x0000000093500000, 0x00000000d7f00000)
  object space 187392K, 79% used [0x0000000087e00000,0x0000000090f8b5f8,0x0000000093500000)
 PSPermGen       total 83968K, used 54958K [0x0000000082c00000, 0x0000000087e00000, 0x0000000087e00000)
  object space 83968K, 65% used [0x0000000082c00000,0x00000000861ab800,0x0000000087e00000)
Event: 90.675 GC heap after
Heap after GC invocations=20 (full 3):
 PSYoungGen      total 381952K, used 0K [0x00000000d7f00000, 0x00000000f7a00000, 0x0000000100000000)
  eden space 312320K, 0% used [0x00000000d7f00000,0x00000000d7f00000,0x00000000eb000000)
  from space 69632K, 0% used [0x00000000eb000000,0x00000000eb000000,0x00000000ef400000)
  to   space 73216K, 0% used [0x00000000f3280000,0x00000000f3280000,0x00000000f7a00000)
 ParOldGen       total 208896K, used 94658K [0x0000000087e00000, 0x0000000094a00000, 0x00000000d7f00000)
  object space 208896K, 45% used [0x0000000087e00000,0x000000008da70b10,0x0000000094a00000)
 PSPermGen       total 83968K, used 54957K [0x0000000082c00000, 0x0000000087e00000, 0x0000000087e00000)
  object space 83968K, 65% used [0x0000000082c00000,0x00000000861ab7a0,0x0000000087e00000)
}
Event: 93.120 GC heap before
{Heap before GC invocations=21 (full 3):
 PSYoungGen      total 381952K, used 312320K [0x00000000d7f00000, 0x00000000f7a00000, 0x0000000100000000)
  eden space 312320K, 100% used [0x00000000d7f00000,0x00000000eb000000,0x00000000eb000000)
  from space 69632K, 0% used [0x00000000eb000000,0x00000000eb000000,0x00000000ef400000)
  to   space 73216K, 0% used [0x00000000f3280000,0x00000000f3280000,0x00000000f7a00000)
 ParOldGen       total 208896K, used 94658K [0x0000000087e00000, 0x0000000094a00000, 0x00000000d7f00000)
  object space 208896K, 45% used [0x0000000087e00000,0x000000008da70b10,0x0000000094a00000)
 PSPermGen       total 83968K, used 54957K [0x0000000082c00000, 0x0000000087e00000, 0x0000000087e00000)
  object space 83968K, 65% used [0x0000000082c00000,0x00000000861ab7a0,0x0000000087e00000)
Event: 93.332 GC heap after
Heap after GC invocations=21 (full 3):
 PSYoungGen      total 434176K, used 70944K [0x00000000d7f00000, 0x00000000f9680000, 0x0000000100000000)
  eden space 360960K, 0% used [0x00000000d7f00000,0x00000000d7f00000,0x00000000edf80000)
  from space 73216K, 96% used [0x00000000f3280000,0x00000000f77c8020,0x00000000f7a00000)
  to   space 84992K, 0% used [0x00000000edf80000,0x00000000edf80000,0x00000000f3280000)
 ParOldGen       total 208896K, used 94658K [0x0000000087e00000, 0x0000000094a00000, 0x00000000d7f00000)
  object space 208896K, 45% used [0x0000000087e00000,0x000000008da70b10,0x0000000094a00000)
 PSPermGen       total 83968K, used 54957K [0x0000000082c00000, 0x0000000087e00000, 0x0000000087e00000)
  object space 83968K, 65% used [0x0000000082c00000,0x00000000861ab7a0,0x0000000087e00000)
}
Event: 101.940 GC heap before
{Heap before GC invocations=22 (full 3):
 PSYoungGen      total 434176K, used 431904K [0x00000000d7f00000, 0x00000000f9680000, 0x0000000100000000)
  eden space 360960K, 100% used [0x00000000d7f00000,0x00000000edf80000,0x00000000edf80000)
  from space 73216K, 96% used [0x00000000f3280000,0x00000000f77c8020,0x00000000f7a00000)
  to   space 84992K, 0% used [0x00000000edf80000,0x00000000edf80000,0x00000000f3280000)
 ParOldGen       total 208896K, used 94658K [0x0000000087e00000, 0x0000000094a00000, 0x00000000d7f00000)
  object space 208896K, 45% used [0x0000000087e00000,0x000000008da70b10,0x0000000094a00000)
 PSPermGen       total 83968K, used 54982K [0x0000000082c00000, 0x0000000087e00000, 0x0000000087e00000)
  object space 83968K, 65% used [0x0000000082c00000,0x00000000861b1868,0x0000000087e00000)

