# JRE version: Java(TM) SE Runtime Environment (7.0_79-b15) (build 1.7.0_79-b15)
# Java VM: Java HotSpot(TM) 64-Bit Server VM (24.79-b02 mixed mode linux-amd64 compressed oops)
Heap
 PSYoungGen      total 535040K, used 0K [0x00000000d7f00000, 0x0000000100000000, 0x0000000100000000)
  eden space 534528K, 0% used [0x00000000d7f00000,0x00000000d7f00000,0x00000000f8900000)
  from space 512K, 0% used [0x00000000fff80000,0x00000000fff80000,0x0000000100000000)
  to   space 60928K, 0% used [0x00000000f8900000,0x00000000f8900000,0x00000000fc480000)
 ParOldGen       total 409600K, used 309688K [0x0000000087e00000, 0x00000000a0e00000, 0x00000000d7f00000)
  object space 409600K, 75% used [0x0000000087e00000,0x000000009ac6e000,0x00000000a0e00000)
 PSPermGen       total 79872K, used 54395K [0x0000000082c00000, 0x0000000087a00000, 0x0000000087e00000)
  object space 79872K, 68% used [0x0000000082c00000,0x000000008611ee98,0x0000000087a00000)
GC Heap History (10 events):
Event: 2413.100 GC heap after
Heap after GC invocations=12918 (full 10):
 PSYoungGen      total 655872K, used 128K [0x00000000d7f00000, 0x0000000100000000, 0x0000000100000000)
  eden space 655360K, 0% used [0x00000000d7f00000,0x00000000d7f00000,0x00000000fff00000)
  from space 512K, 25% used [0x00000000fff80000,0x00000000fffa0000,0x0000000100000000)
  to   space 512K, 0% used [0x00000000fff00000,0x00000000fff00000,0x00000000fff80000)
 ParOldGen       total 396800K, used 242524K [0x0000000087e00000, 0x00000000a0180000, 0x00000000d7f00000)
  object space 396800K, 61% used [0x0000000087e00000,0x0000000096ad7008,0x00000000a0180000)
 PSPermGen       total 79872K, used 54395K [0x0000000082c00000, 0x0000000087a00000, 0x0000000087e00000)
  object space 79872K, 68% used [0x0000000082c00000,0x000000008611ee78,0x0000000087a00000)
}
Event: 2413.278 GC heap before
{Heap before GC invocations=12919 (full 10):
 PSYoungGen      total 655872K, used 655488K [0x00000000d7f00000, 0x0000000100000000, 0x0000000100000000)
  eden space 655360K, 100% used [0x00000000d7f00000,0x00000000fff00000,0x00000000fff00000)
  from space 512K, 25% used [0x00000000fff80000,0x00000000fffa0000,0x0000000100000000)
  to   space 512K, 0% used [0x00000000fff00000,0x00000000fff00000,0x00000000fff80000)
 ParOldGen       total 396800K, used 242524K [0x0000000087e00000, 0x00000000a0180000, 0x00000000d7f00000)
  object space 396800K, 61% used [0x0000000087e00000,0x0000000096ad7008,0x00000000a0180000)
 PSPermGen       total 79872K, used 54395K [0x0000000082c00000, 0x0000000087a00000, 0x0000000087e00000)
  object space 79872K, 68% used [0x0000000082c00000,0x000000008611ee78,0x0000000087a00000)
Event: 2413.281 GC heap after
Heap after GC invocations=12919 (full 10):
 PSYoungGen      total 655872K, used 96K [0x00000000d7f00000, 0x0000000100000000, 0x0000000100000000)
  eden space 655360K, 0% used [0x00000000d7f00000,0x00000000d7f00000,0x00000000fff00000)
  from space 512K, 18% used [0x00000000fff00000,0x00000000fff18000,0x00000000fff80000)
  to   space 512K, 0% used [0x00000000fff80000,0x00000000fff80000,0x0000000100000000)
 ParOldGen       total 396800K, used 242563K [0x0000000087e00000, 0x00000000a0180000, 0x00000000d7f00000)
  object space 396800K, 61% used [0x0000000087e00000,0x0000000096ae0c78,0x00000000a0180000)
 PSPermGen       total 79872K, used 54395K [0x0000000082c00000, 0x0000000087a00000, 0x0000000087e00000)
  object space 79872K, 68% used [0x0000000082c00000,0x000000008611ee78,0x0000000087a00000)
}
Event: 2413.455 GC heap before
{Heap before GC invocations=12920 (full 10):
 PSYoungGen      total 655872K, used 655456K [0x00000000d7f00000, 0x0000000100000000, 0x0000000100000000)
  eden space 655360K, 100% used [0x00000000d7f00000,0x00000000fff00000,0x00000000fff00000)
  from space 512K, 18% used [0x00000000fff00000,0x00000000fff18000,0x00000000fff80000)
  to   space 512K, 0% used [0x00000000fff80000,0x00000000fff80000,0x0000000100000000)
 ParOldGen       total 396800K, used 242563K [0x0000000087e00000, 0x00000000a0180000, 0x00000000d7f00000)
  object space 396800K, 61% used [0x0000000087e00000,0x0000000096ae0c78,0x00000000a0180000)
 PSPermGen       total 79872K, used 54395K [0x0000000082c00000, 0x0000000087a00000, 0x0000000087e00000)
  object space 79872K, 68% used [0x0000000082c00000,0x000000008611ee78,0x0000000087a00000)
Event: 2413.458 GC heap after
Heap after GC invocations=12920 (full 10):
 PSYoungGen      total 655872K, used 128K [0x00000000d7f00000, 0x0000000100000000, 0x0000000100000000)
  eden space 655360K, 0% used [0x00000000d7f00000,0x00000000d7f00000,0x00000000fff00000)
  from space 512K, 25% used [0x00000000fff80000,0x00000000fffa0000,0x0000000100000000)
  to   space 512K, 0% used [0x00000000fff00000,0x00000000fff00000,0x00000000fff80000)
 ParOldGen       total 396800K, used 242589K [0x0000000087e00000, 0x00000000a0180000, 0x00000000d7f00000)
  object space 396800K, 61% used [0x0000000087e00000,0x0000000096ae74b8,0x00000000a0180000)
 PSPermGen       total 79872K, used 54395K [0x0000000082c00000, 0x0000000087a00000, 0x0000000087e00000)
  object space 79872K, 68% used [0x0000000082c00000,0x000000008611ee78,0x0000000087a00000)
}
Event: 2413.968 GC heap before
{Heap before GC invocations=12921 (full 10):
 PSYoungGen      total 655872K, used 647790K [0x00000000d7f00000, 0x0000000100000000, 0x0000000100000000)
  eden space 655360K, 98% used [0x00000000d7f00000,0x00000000ff77ba88,0x00000000fff00000)
  from space 512K, 25% used [0x00000000fff80000,0x00000000fffa0000,0x0000000100000000)
  to   space 512K, 0% used [0x00000000fff00000,0x00000000fff00000,0x00000000fff80000)
 ParOldGen       total 396800K, used 242589K [0x0000000087e00000, 0x00000000a0180000, 0x00000000d7f00000)
  object space 396800K, 61% used [0x0000000087e00000,0x0000000096ae74b8,0x00000000a0180000)
 PSPermGen       total 79872K, used 54395K [0x0000000082c00000, 0x0000000087a00000, 0x0000000087e00000)
  object space 79872K, 68% used [0x0000000082c00000,0x000000008611ee78,0x0000000087a00000)
Event: 2413.979 GC heap after
Heap after GC invocations=12921 (full 10):
 PSYoungGen      total 655872K, used 512K [0x00000000d7f00000, 0x0000000100000000, 0x0000000100000000)
  eden space 655360K, 0% used [0x00000000d7f00000,0x00000000d7f00000,0x00000000fff00000)
  from space 512K, 100% used [0x00000000fff00000,0x00000000fff80000,0x00000000fff80000)
  to   space 512K, 0% used [0x00000000fff80000,0x00000000fff80000,0x0000000100000000)
 ParOldGen       total 396800K, used 260673K [0x0000000087e00000, 0x00000000a0180000, 0x00000000d7f00000)
  object space 396800K, 65% used [0x0000000087e00000,0x0000000097c90760,0x00000000a0180000)
 PSPermGen       total 79872K, used 54395K [0x0000000082c00000, 0x0000000087a00000, 0x0000000087e00000)
  object space 79872K, 68% used [0x0000000082c00000,0x000000008611ee78,0x0000000087a00000)
}
Event: 2414.701 GC heap before
{Heap before GC invocations=12922 (full 10):
 PSYoungGen      total 655872K, used 655872K [0x00000000d7f00000, 0x0000000100000000, 0x0000000100000000)
  eden space 655360K, 100% used [0x00000000d7f00000,0x00000000fff00000,0x00000000fff00000)
  from space 512K, 100% used [0x00000000fff00000,0x00000000fff80000,0x00000000fff80000)
  to   space 512K, 0% used [0x00000000fff80000,0x00000000fff80000,0x0000000100000000)
 ParOldGen       total 396800K, used 260673K [0x0000000087e00000, 0x00000000a0180000, 0x00000000d7f00000)
  object space 396800K, 65% used [0x0000000087e00000,0x0000000097c90760,0x00000000a0180000)
 PSPermGen       total 79872K, used 54395K [0x0000000082c00000, 0x0000000087a00000, 0x0000000087e00000)
  object space 79872K, 68% used [0x0000000082c00000,0x000000008611ee98,0x0000000087a00000)
Event: 2414.751 GC heap after
Heap after GC invocations=12922 (full 10):
 PSYoungGen      total 535040K, used 512K [0x00000000d7f00000, 0x0000000100000000, 0x0000000100000000)
  eden space 534528K, 0% used [0x00000000d7f00000,0x00000000d7f00000,0x00000000f8900000)
  from space 512K, 100% used [0x00000000fff80000,0x0000000100000000,0x0000000100000000)
  to   space 60928K, 0% used [0x00000000f8900000,0x00000000f8900000,0x00000000fc480000)
 ParOldGen       total 409600K, used 408163K [0x0000000087e00000, 0x00000000a0e00000, 0x00000000d7f00000)
  object space 409600K, 99% used [0x0000000087e00000,0x00000000a0c98c58,0x00000000a0e00000)
 PSPermGen       total 79872K, used 54395K [0x0000000082c00000, 0x0000000087a00000, 0x0000000087e00000)
  object space 79872K, 68% used [0x0000000082c00000,0x000000008611ee98,0x0000000087a00000)
}
Event: 2414.751 GC heap before
{Heap before GC invocations=12923 (full 11):
 PSYoungGen      total 535040K, used 512K [0x00000000d7f00000, 0x0000000100000000, 0x0000000100000000)
  eden space 534528K, 0% used [0x00000000d7f00000,0x00000000d7f00000,0x00000000f8900000)
  from space 512K, 100% used [0x00000000fff80000,0x0000000100000000,0x0000000100000000)
  to   space 60928K, 0% used [0x00000000f8900000,0x00000000f8900000,0x00000000fc480000)
 ParOldGen       total 409600K, used 408163K [0x0000000087e00000, 0x00000000a0e00000, 0x00000000d7f00000)
  object space 409600K, 99% used [0x0000000087e00000,0x00000000a0c98c58,0x00000000a0e00000)
 PSPermGen       total 79872K, used 54395K [0x0000000082c00000, 0x0000000087a00000, 0x0000000087e00000)
  object space 79872K, 68% used [0x0000000082c00000,0x000000008611ee98,0x0000000087a00000)

