# JRE version: Java(TM) SE Runtime Environment (7.0_79-b15) (build 1.7.0_79-b15)
# Java VM: Java HotSpot(TM) 64-Bit Server VM (24.79-b02 mixed mode linux-amd64 compressed oops)
Heap
 PSYoungGen      total 451584K, used 63695K [0x00000000d7f00000, 0x0000000100000000, 0x0000000100000000)
  eden space 297984K, 0% used [0x00000000d7f00000,0x00000000d7f00000,0x00000000ea200000)
  from space 153600K, 41% used [0x00000000ea200000,0x00000000ee033f08,0x00000000f3800000)
  to   space 199680K, 0% used [0x00000000f3d00000,0x00000000f3d00000,0x0000000100000000)
 ParOldGen       total 399360K, used 398205K [0x0000000087e00000, 0x00000000a0400000, 0x00000000d7f00000)
  object space 399360K, 99% used [0x0000000087e00000,0x00000000a02df4d0,0x00000000a0400000)
 PSPermGen       total 83968K, used 55075K [0x0000000082c00000, 0x0000000087e00000, 0x0000000087e00000)
  object space 83968K, 65% used [0x0000000082c00000,0x00000000861c8c38,0x0000000087e00000)
GC Heap History (10 events):
Event: 56.791 GC heap after
Heap after GC invocations=20 (full 3):
 PSYoungGen      total 445952K, used 88576K [0x00000000d7f00000, 0x00000000ff300000, 0x0000000100000000)
  eden space 329216K, 0% used [0x00000000d7f00000,0x00000000d7f00000,0x00000000ec080000)
  from space 116736K, 75% used [0x00000000ec080000,0x00000000f1700040,0x00000000f3280000)
  to   space 126976K, 0% used [0x00000000f7700000,0x00000000f7700000,0x00000000ff300000)
 ParOldGen       total 399360K, used 294996K [0x0000000087e00000, 0x00000000a0400000, 0x00000000d7f00000)
  object space 399360K, 73% used [0x0000000087e00000,0x0000000099e15398,0x00000000a0400000)
 PSPermGen       total 83968K, used 54903K [0x0000000082c00000, 0x0000000087e00000, 0x0000000087e00000)
  object space 83968K, 65% used [0x0000000082c00000,0x000000008619df08,0x0000000087e00000)
}
Event: 59.674 GC heap before
{Heap before GC invocations=21 (full 3):
 PSYoungGen      total 445952K, used 417792K [0x00000000d7f00000, 0x00000000ff300000, 0x0000000100000000)
  eden space 329216K, 100% used [0x00000000d7f00000,0x00000000ec080000,0x00000000ec080000)
  from space 116736K, 75% used [0x00000000ec080000,0x00000000f1700040,0x00000000f3280000)
  to   space 126976K, 0% used [0x00000000f7700000,0x00000000f7700000,0x00000000ff300000)
 ParOldGen       total 399360K, used 294998K [0x0000000087e00000, 0x00000000a0400000, 0x00000000d7f00000)
  object space 399360K, 73% used [0x0000000087e00000,0x0000000099e15b48,0x00000000a0400000)
 PSPermGen       total 83968K, used 54937K [0x0000000082c00000, 0x0000000087e00000, 0x0000000087e00000)
  object space 83968K, 65% used [0x0000000082c00000,0x00000000861a6428,0x0000000087e00000)
Event: 59.803 GC heap after
Heap after GC invocations=21 (full 3):
 PSYoungGen      total 502784K, used 104081K [0x00000000d7f00000, 0x0000000100000000, 0x0000000100000000)
  eden space 375808K, 0% used [0x00000000d7f00000,0x00000000d7f00000,0x00000000eee00000)
  from space 126976K, 81% used [0x00000000f7700000,0x00000000fdca4750,0x00000000ff300000)
  to   space 140288K, 0% used [0x00000000eee00000,0x00000000eee00000,0x00000000f7700000)
 ParOldGen       total 399360K, used 294998K [0x0000000087e00000, 0x00000000a0400000, 0x00000000d7f00000)
  object space 399360K, 73% used [0x0000000087e00000,0x0000000099e15b48,0x00000000a0400000)
 PSPermGen       total 83968K, used 54937K [0x0000000082c00000, 0x0000000087e00000, 0x0000000087e00000)
  object space 83968K, 65% used [0x0000000082c00000,0x00000000861a6428,0x0000000087e00000)
}
Event: 68.121 GC heap before
{Heap before GC invocations=22 (full 3):
 PSYoungGen      total 502784K, used 479889K [0x00000000d7f00000, 0x0000000100000000, 0x0000000100000000)
  eden space 375808K, 100% used [0x00000000d7f00000,0x00000000eee00000,0x00000000eee00000)
  from space 126976K, 81% used [0x00000000f7700000,0x00000000fdca4750,0x00000000ff300000)
  to   space 140288K, 0% used [0x00000000eee00000,0x00000000eee00000,0x00000000f7700000)
 ParOldGen       total 399360K, used 294998K [0x0000000087e00000, 0x00000000a0400000, 0x00000000d7f00000)
  object space 399360K, 73% used [0x0000000087e00000,0x0000000099e15b48,0x00000000a0400000)
 PSPermGen       total 83968K, used 55074K [0x0000000082c00000, 0x0000000087e00000, 0x0000000087e00000)
  object space 83968K, 65% used [0x0000000082c00000,0x00000000861c8b40,0x0000000087e00000)
Event: 68.256 GC heap after
Heap after GC invocations=22 (full 3):
 PSYoungGen      total 488960K, used 112748K [0x00000000d7f00000, 0x0000000100000000, 0x0000000100000000)
  eden space 375808K, 0% used [0x00000000d7f00000,0x00000000d7f00000,0x00000000eee00000)
  from space 113152K, 99% used [0x00000000eee00000,0x00000000f5c1b170,0x00000000f5c80000)
  to   space 153600K, 0% used [0x00000000f6a00000,0x00000000f6a00000,0x0000000100000000)
 ParOldGen       total 399360K, used 294998K [0x0000000087e00000, 0x00000000a0400000, 0x00000000d7f00000)
  object space 399360K, 73% used [0x0000000087e00000,0x0000000099e15b48,0x00000000a0400000)
 PSPermGen       total 83968K, used 55074K [0x0000000082c00000, 0x0000000087e00000, 0x0000000087e00000)
  object space 83968K, 65% used [0x0000000082c00000,0x00000000861c8b40,0x0000000087e00000)
}
Event: 68.879 GC heap before
{Heap before GC invocations=23 (full 3):
 PSYoungGen      total 488960K, used 488556K [0x00000000d7f00000, 0x0000000100000000, 0x0000000100000000)
  eden space 375808K, 100% used [0x00000000d7f00000,0x00000000eee00000,0x00000000eee00000)
  from space 113152K, 99% used [0x00000000eee00000,0x00000000f5c1b170,0x00000000f5c80000)
  to   space 153600K, 0% used [0x00000000f6a00000,0x00000000f6a00000,0x0000000100000000)
 ParOldGen       total 399360K, used 294998K [0x0000000087e00000, 0x00000000a0400000, 0x00000000d7f00000)
  object space 399360K, 73% used [0x0000000087e00000,0x0000000099e15b48,0x00000000a0400000)
 PSPermGen       total 83968K, used 55075K [0x0000000082c00000, 0x0000000087e00000, 0x0000000087e00000)
  object space 83968K, 65% used [0x0000000082c00000,0x00000000861c8c68,0x0000000087e00000)
Event: 69.077 GC heap after
Heap after GC invocations=23 (full 3):
 PSYoungGen      total 451584K, used 152302K [0x00000000d7f00000, 0x0000000100000000, 0x0000000100000000)
  eden space 297984K, 0% used [0x00000000d7f00000,0x00000000d7f00000,0x00000000ea200000)
  from space 153600K, 99% used [0x00000000f6a00000,0x00000000ffebbb40,0x0000000100000000)
  to   space 179200K, 0% used [0x00000000ea200000,0x00000000ea200000,0x00000000f5100000)
 ParOldGen       total 399360K, used 302038K [0x0000000087e00000, 0x00000000a0400000, 0x00000000d7f00000)
  object space 399360K, 75% used [0x0000000087e00000,0x000000009a4f5b78,0x00000000a0400000)
 PSPermGen       total 83968K, used 55075K [0x0000000082c00000, 0x0000000087e00000, 0x0000000087e00000)
  object space 83968K, 65% used [0x0000000082c00000,0x00000000861c8c68,0x0000000087e00000)
}
Event: 69.742 GC heap before
{Heap before GC invocations=24 (full 3):
 PSYoungGen      total 451584K, used 443852K [0x00000000d7f00000, 0x0000000100000000, 0x0000000100000000)
  eden space 297984K, 97% used [0x00000000d7f00000,0x00000000e9bb7730,0x00000000ea200000)
  from space 153600K, 99% used [0x00000000f6a00000,0x00000000ffebbb40,0x0000000100000000)
  to   space 179200K, 0% used [0x00000000ea200000,0x00000000ea200000,0x00000000f5100000)
 ParOldGen       total 399360K, used 302038K [0x0000000087e00000, 0x00000000a0400000, 0x00000000d7f00000)
  object space 399360K, 75% used [0x0000000087e00000,0x000000009a4f5b78,0x00000000a0400000)
 PSPermGen       total 83968K, used 55076K [0x0000000082c00000, 0x0000000087e00000, 0x0000000087e00000)
  object space 83968K, 65% used [0x0000000082c00000,0x00000000861c9000,0x0000000087e00000)
Event: 69.891 GC heap after
Heap after GC invocations=24 (full 3):
 PSYoungGen      total 451584K, used 153404K [0x00000000d7f00000, 0x0000000100000000, 0x0000000100000000)
  eden space 297984K, 0% used [0x00000000d7f00000,0x00000000d7f00000,0x00000000ea200000)
  from space 153600K, 99% used [0x00000000ea200000,0x00000000f37cf0c8,0x00000000f3800000)
  to   space 199680K, 0% used [0x00000000f3d00000,0x00000000f3d00000,0x0000000100000000)
 ParOldGen       total 399360K, used 355034K [0x0000000087e00000, 0x00000000a0400000, 0x00000000d7f00000)
  object space 399360K, 88% used [0x0000000087e00000,0x000000009d8b6bb8,0x00000000a0400000)
 PSPermGen       total 83968K, used 55076K [0x0000000082c00000, 0x0000000087e00000, 0x0000000087e00000)
  object space 83968K, 65% used [0x0000000082c00000,0x00000000861c9000,0x0000000087e00000)
}
Event: 69.891 GC heap before
{Heap before GC invocations=25 (full 4):
 PSYoungGen      total 451584K, used 153404K [0x00000000d7f00000, 0x0000000100000000, 0x0000000100000000)
  eden space 297984K, 0% used [0x00000000d7f00000,0x00000000d7f00000,0x00000000ea200000)
  from space 153600K, 99% used [0x00000000ea200000,0x00000000f37cf0c8,0x00000000f3800000)
  to   space 199680K, 0% used [0x00000000f3d00000,0x00000000f3d00000,0x0000000100000000)
 ParOldGen       total 399360K, used 355034K [0x0000000087e00000, 0x00000000a0400000, 0x00000000d7f00000)
  object space 399360K, 88% used [0x0000000087e00000,0x000000009d8b6bb8,0x00000000a0400000)
 PSPermGen       total 83968K, used 55076K [0x0000000082c00000, 0x0000000087e00000, 0x0000000087e00000)
  object space 83968K, 65% used [0x0000000082c00000,0x00000000861c9000,0x0000000087e00000)

