# JRE version: Java(TM) SE Runtime Environment (7.0_79-b15) (build 1.7.0_79-b15)
# Java VM: Java HotSpot(TM) 64-Bit Server VM (24.79-b02 mixed mode linux-amd64 compressed oops)
Heap
 PSYoungGen      total 432128K, used 0K [0x00000000d7f00000, 0x0000000100000000, 0x0000000100000000)
  eden space 219136K, 0% used [0x00000000d7f00000,0x00000000d7f00000,0x00000000e5500000)
  from space 212992K, 0% used [0x00000000f3000000,0x00000000f3000000,0x0000000100000000)
  to   space 218624K, 0% used [0x00000000e5500000,0x00000000e5500000,0x00000000f2a80000)
 ParOldGen       total 383488K, used 382183K [0x0000000087e00000, 0x000000009f480000, 0x00000000d7f00000)
  object space 383488K, 99% used [0x0000000087e00000,0x000000009f339c78,0x000000009f480000)
 PSPermGen       total 83968K, used 50327K [0x0000000082c00000, 0x0000000087e00000, 0x0000000087e00000)
  object space 83968K, 59% used [0x0000000082c00000,0x0000000085d25ee0,0x0000000087e00000)
GC Heap History (10 events):
Event: 36.514 GC heap after
Heap after GC invocations=15 (full 3):
 PSYoungGen      total 440320K, used 137531K [0x00000000d7f00000, 0x0000000100000000, 0x0000000100000000)
  eden space 287744K, 0% used [0x00000000d7f00000,0x00000000d7f00000,0x00000000e9800000)
  from space 152576K, 90% used [0x00000000f4180000,0x00000000fc7ced90,0x00000000fd680000)
  to   space 173568K, 0% used [0x00000000e9800000,0x00000000e9800000,0x00000000f4180000)
 ParOldGen       total 383488K, used 273438K [0x0000000087e00000, 0x000000009f480000, 0x00000000d7f00000)
  object space 383488K, 71% used [0x0000000087e00000,0x0000000098907a18,0x000000009f480000)
 PSPermGen       total 83968K, used 50253K [0x0000000082c00000, 0x0000000087e00000, 0x0000000087e00000)
  object space 83968K, 59% used [0x0000000082c00000,0x0000000085d13488,0x0000000087e00000)
}
Event: 37.841 GC heap before
{Heap before GC invocations=16 (full 3):
 PSYoungGen      total 440320K, used 425272K [0x00000000d7f00000, 0x0000000100000000, 0x0000000100000000)
  eden space 287744K, 99% used [0x00000000d7f00000,0x00000000e97ff4b8,0x00000000e9800000)
  from space 152576K, 90% used [0x00000000f4180000,0x00000000fc7ced90,0x00000000fd680000)
  to   space 173568K, 0% used [0x00000000e9800000,0x00000000e9800000,0x00000000f4180000)
 ParOldGen       total 383488K, used 273438K [0x0000000087e00000, 0x000000009f480000, 0x00000000d7f00000)
  object space 383488K, 71% used [0x0000000087e00000,0x0000000098907a18,0x000000009f480000)
 PSPermGen       total 83968K, used 50267K [0x0000000082c00000, 0x0000000087e00000, 0x0000000087e00000)
  object space 83968K, 59% used [0x0000000082c00000,0x0000000085d16ff8,0x0000000087e00000)
Event: 37.981 GC heap after
Heap after GC invocations=16 (full 3):
 PSYoungGen      total 461312K, used 139359K [0x00000000d7f00000, 0x0000000100000000, 0x0000000100000000)
  eden space 287744K, 0% used [0x00000000d7f00000,0x00000000d7f00000,0x00000000e9800000)
  from space 173568K, 80% used [0x00000000e9800000,0x00000000f2017f30,0x00000000f4180000)
  to   space 190976K, 0% used [0x00000000f4580000,0x00000000f4580000,0x0000000100000000)
 ParOldGen       total 383488K, used 315980K [0x0000000087e00000, 0x000000009f480000, 0x00000000d7f00000)
  object space 383488K, 82% used [0x0000000087e00000,0x000000009b2932a8,0x000000009f480000)
 PSPermGen       total 83968K, used 50267K [0x0000000082c00000, 0x0000000087e00000, 0x0000000087e00000)
  object space 83968K, 59% used [0x0000000082c00000,0x0000000085d16ff8,0x0000000087e00000)
}
Event: 38.287 GC heap before
{Heap before GC invocations=17 (full 3):
 PSYoungGen      total 461312K, used 409206K [0x00000000d7f00000, 0x0000000100000000, 0x0000000100000000)
  eden space 287744K, 93% used [0x00000000d7f00000,0x00000000e8685a38,0x00000000e9800000)
  from space 173568K, 80% used [0x00000000e9800000,0x00000000f2017f30,0x00000000f4180000)
  to   space 190976K, 0% used [0x00000000f4580000,0x00000000f4580000,0x0000000100000000)
 ParOldGen       total 383488K, used 315980K [0x0000000087e00000, 0x000000009f480000, 0x00000000d7f00000)
  object space 383488K, 82% used [0x0000000087e00000,0x000000009b2932a8,0x000000009f480000)
 PSPermGen       total 83968K, used 50272K [0x0000000082c00000, 0x0000000087e00000, 0x0000000087e00000)
  object space 83968K, 59% used [0x0000000082c00000,0x0000000085d18300,0x0000000087e00000)
Event: 38.331 GC heap after
Heap after GC invocations=17 (full 3):
 PSYoungGen      total 436736K, used 140447K [0x00000000d7f00000, 0x0000000100000000, 0x0000000100000000)
  eden space 245760K, 0% used [0x00000000d7f00000,0x00000000d7f00000,0x00000000e6f00000)
  from space 190976K, 73% used [0x00000000f4580000,0x00000000fcea7ec8,0x0000000100000000)
  to   space 205312K, 0% used [0x00000000e6f00000,0x00000000e6f00000,0x00000000f3780000)
 ParOldGen       total 383488K, used 315980K [0x0000000087e00000, 0x000000009f480000, 0x00000000d7f00000)
  object space 383488K, 82% used [0x0000000087e00000,0x000000009b2932a8,0x000000009f480000)
 PSPermGen       total 83968K, used 50272K [0x0000000082c00000, 0x0000000087e00000, 0x0000000087e00000)
  object space 83968K, 59% used [0x0000000082c00000,0x0000000085d18300,0x0000000087e00000)
}
Event: 38.476 GC heap before
{Heap before GC invocations=18 (full 3):
 PSYoungGen      total 436736K, used 386207K [0x00000000d7f00000, 0x0000000100000000, 0x0000000100000000)
  eden space 245760K, 100% used [0x00000000d7f00000,0x00000000e6f00000,0x00000000e6f00000)
  from space 190976K, 73% used [0x00000000f4580000,0x00000000fcea7ec8,0x0000000100000000)
  to   space 205312K, 0% used [0x00000000e6f00000,0x00000000e6f00000,0x00000000f3780000)
 ParOldGen       total 383488K, used 315980K [0x0000000087e00000, 0x000000009f480000, 0x00000000d7f00000)
  object space 383488K, 82% used [0x0000000087e00000,0x000000009b2932a8,0x000000009f480000)
 PSPermGen       total 83968K, used 50272K [0x0000000082c00000, 0x0000000087e00000, 0x0000000087e00000)
  object space 83968K, 59% used [0x0000000082c00000,0x0000000085d18300,0x0000000087e00000)
Event: 38.535 GC heap after
Heap after GC invocations=18 (full 3):
 PSYoungGen      total 443392K, used 197570K [0x00000000d7f00000, 0x0000000100000000, 0x0000000100000000)
  eden space 245760K, 0% used [0x00000000d7f00000,0x00000000d7f00000,0x00000000e6f00000)
  from space 197632K, 99% used [0x00000000e6f00000,0x00000000f2ff0b90,0x00000000f3000000)
  to   space 212992K, 0% used [0x00000000f3000000,0x00000000f3000000,0x0000000100000000)
 ParOldGen       total 383488K, used 315980K [0x0000000087e00000, 0x000000009f480000, 0x00000000d7f00000)
  object space 383488K, 82% used [0x0000000087e00000,0x000000009b2932a8,0x000000009f480000)
 PSPermGen       total 83968K, used 50272K [0x0000000082c00000, 0x0000000087e00000, 0x0000000087e00000)
  object space 83968K, 59% used [0x0000000082c00000,0x0000000085d18300,0x0000000087e00000)
}
Event: 40.329 GC heap before
{Heap before GC invocations=19 (full 3):
 PSYoungGen      total 443392K, used 443330K [0x00000000d7f00000, 0x0000000100000000, 0x0000000100000000)
  eden space 245760K, 100% used [0x00000000d7f00000,0x00000000e6f00000,0x00000000e6f00000)
  from space 197632K, 99% used [0x00000000e6f00000,0x00000000f2ff0b90,0x00000000f3000000)
  to   space 212992K, 0% used [0x00000000f3000000,0x00000000f3000000,0x0000000100000000)
 ParOldGen       total 383488K, used 315980K [0x0000000087e00000, 0x000000009f480000, 0x00000000d7f00000)
  object space 383488K, 82% used [0x0000000087e00000,0x000000009b2932a8,0x000000009f480000)
 PSPermGen       total 83968K, used 50328K [0x0000000082c00000, 0x0000000087e00000, 0x0000000087e00000)
  object space 83968K, 59% used [0x0000000082c00000,0x0000000085d26050,0x0000000087e00000)
Event: 40.491 GC heap after
Heap after GC invocations=19 (full 3):
 PSYoungGen      total 432128K, used 145403K [0x00000000d7f00000, 0x0000000100000000, 0x0000000100000000)
  eden space 219136K, 0% used [0x00000000d7f00000,0x00000000d7f00000,0x00000000e5500000)
  from space 212992K, 68% used [0x00000000f3000000,0x00000000fbdfede8,0x0000000100000000)
  to   space 218624K, 0% used [0x00000000e5500000,0x00000000e5500000,0x00000000f2a80000)
 ParOldGen       total 383488K, used 350497K [0x0000000087e00000, 0x000000009f480000, 0x00000000d7f00000)
  object space 383488K, 91% used [0x0000000087e00000,0x000000009d448760,0x000000009f480000)
 PSPermGen       total 83968K, used 50328K [0x0000000082c00000, 0x0000000087e00000, 0x0000000087e00000)
  object space 83968K, 59% used [0x0000000082c00000,0x0000000085d26050,0x0000000087e00000)
}
Event: 40.491 GC heap before
{Heap before GC invocations=20 (full 4):
 PSYoungGen      total 432128K, used 145403K [0x00000000d7f00000, 0x0000000100000000, 0x0000000100000000)
  eden space 219136K, 0% used [0x00000000d7f00000,0x00000000d7f00000,0x00000000e5500000)
  from space 212992K, 68% used [0x00000000f3000000,0x00000000fbdfede8,0x0000000100000000)
  to   space 218624K, 0% used [0x00000000e5500000,0x00000000e5500000,0x00000000f2a80000)
 ParOldGen       total 383488K, used 350497K [0x0000000087e00000, 0x000000009f480000, 0x00000000d7f00000)
  object space 383488K, 91% used [0x0000000087e00000,0x000000009d448760,0x000000009f480000)
 PSPermGen       total 83968K, used 50328K [0x0000000082c00000, 0x0000000087e00000, 0x0000000087e00000)
  object space 83968K, 59% used [0x0000000082c00000,0x0000000085d26050,0x0000000087e00000)

