# JRE version: Java(TM) SE Runtime Environment (7.0_79-b15) (build 1.7.0_79-b15)
# Java VM: Java HotSpot(TM) 64-Bit Server VM (24.79-b02 mixed mode linux-amd64 compressed oops)
Heap
 PSYoungGen      total 437760K, used 0K [0x00000000d7f00000, 0x0000000100000000, 0x0000000100000000)
  eden space 219136K, 0% used [0x00000000d7f00000,0x00000000d7f00000,0x00000000e5500000)
  from space 218624K, 0% used [0x00000000f2a80000,0x00000000f2a80000,0x0000000100000000)
  to   space 218624K, 0% used [0x00000000e5500000,0x00000000e5500000,0x00000000f2a80000)
 ParOldGen       total 1152512K, used 1030803K [0x0000000087e00000, 0x00000000ce380000, 0x00000000d7f00000)
  object space 1152512K, 89% used [0x0000000087e00000,0x00000000c6ca4dd0,0x00000000ce380000)
 PSPermGen       total 61952K, used 34812K [0x0000000082c00000, 0x0000000086880000, 0x0000000087e00000)
  object space 61952K, 56% used [0x0000000082c00000,0x0000000084dff180,0x0000000086880000)
GC Heap History (10 events):
Event: 21.286 GC heap after
Heap after GC invocations=29 (full 6):
 PSYoungGen      total 437760K, used 205632K [0x00000000d7f00000, 0x0000000100000000, 0x0000000100000000)
  eden space 219136K, 0% used [0x00000000d7f00000,0x00000000d7f00000,0x00000000e5500000)
  from space 218624K, 94% used [0x00000000e5500000,0x00000000f1dd00c0,0x00000000f2a80000)
  to   space 218624K, 0% used [0x00000000f2a80000,0x00000000f2a80000,0x0000000100000000)
 ParOldGen       total 901120K, used 720781K [0x0000000087e00000, 0x00000000bee00000, 0x00000000d7f00000)
  object space 901120K, 79% used [0x0000000087e00000,0x00000000b3de3740,0x00000000bee00000)
 PSPermGen       total 65536K, used 34780K [0x0000000082c00000, 0x0000000086c00000, 0x0000000087e00000)
  object space 65536K, 53% used [0x0000000082c00000,0x0000000084df7168,0x0000000086c00000)
}
Event: 21.539 GC heap before
{Heap before GC invocations=30 (full 6):
 PSYoungGen      total 437760K, used 411292K [0x00000000d7f00000, 0x0000000100000000, 0x0000000100000000)
  eden space 219136K, 93% used [0x00000000d7f00000,0x00000000e47d71f8,0x00000000e5500000)
  from space 218624K, 94% used [0x00000000e5500000,0x00000000f1dd00c0,0x00000000f2a80000)
  to   space 218624K, 0% used [0x00000000f2a80000,0x00000000f2a80000,0x0000000100000000)
 ParOldGen       total 901120K, used 720781K [0x0000000087e00000, 0x00000000bee00000, 0x00000000d7f00000)
  object space 901120K, 79% used [0x0000000087e00000,0x00000000b3de3740,0x00000000bee00000)
 PSPermGen       total 65536K, used 34780K [0x0000000082c00000, 0x0000000086c00000, 0x0000000087e00000)
  object space 65536K, 53% used [0x0000000082c00000,0x0000000084df72c8,0x0000000086c00000)
Event: 21.676 GC heap after
Heap after GC invocations=30 (full 6):
 PSYoungGen      total 437760K, used 216928K [0x00000000d7f00000, 0x0000000100000000, 0x0000000100000000)
  eden space 219136K, 0% used [0x00000000d7f00000,0x00000000d7f00000,0x00000000e5500000)
  from space 218624K, 99% used [0x00000000f2a80000,0x00000000ffe580c0,0x0000000100000000)
  to   space 218624K, 0% used [0x00000000e5500000,0x00000000e5500000,0x00000000f2a80000)
 ParOldGen       total 901120K, used 816541K [0x0000000087e00000, 0x00000000bee00000, 0x00000000d7f00000)
  object space 901120K, 90% used [0x0000000087e00000,0x00000000b9b67750,0x00000000bee00000)
 PSPermGen       total 65536K, used 34780K [0x0000000082c00000, 0x0000000086c00000, 0x0000000087e00000)
  object space 65536K, 53% used [0x0000000082c00000,0x0000000084df72c8,0x0000000086c00000)
}
Event: 21.676 GC heap before
{Heap before GC invocations=31 (full 7):
 PSYoungGen      total 437760K, used 216928K [0x00000000d7f00000, 0x0000000100000000, 0x0000000100000000)
  eden space 219136K, 0% used [0x00000000d7f00000,0x00000000d7f00000,0x00000000e5500000)
  from space 218624K, 99% used [0x00000000f2a80000,0x00000000ffe580c0,0x0000000100000000)
  to   space 218624K, 0% used [0x00000000e5500000,0x00000000e5500000,0x00000000f2a80000)
 ParOldGen       total 901120K, used 816541K [0x0000000087e00000, 0x00000000bee00000, 0x00000000d7f00000)
  object space 901120K, 90% used [0x0000000087e00000,0x00000000b9b67750,0x00000000bee00000)
 PSPermGen       total 65536K, used 34780K [0x0000000082c00000, 0x0000000086c00000, 0x0000000087e00000)
  object space 65536K, 53% used [0x0000000082c00000,0x0000000084df72c8,0x0000000086c00000)
Event: 23.301 GC heap after
Heap after GC invocations=31 (full 7):
 PSYoungGen      total 437760K, used 87296K [0x00000000d7f00000, 0x0000000100000000, 0x0000000100000000)
  eden space 219136K, 0% used [0x00000000d7f00000,0x00000000d7f00000,0x00000000e5500000)
  from space 218624K, 39% used [0x00000000f2a80000,0x00000000f7fc0040,0x0000000100000000)
  to   space 218624K, 0% used [0x00000000e5500000,0x00000000e5500000,0x00000000f2a80000)
 ParOldGen       total 1152512K, used 872561K [0x0000000087e00000, 0x00000000ce380000, 0x00000000d7f00000)
  object space 1152512K, 75% used [0x0000000087e00000,0x00000000bd21c620,0x00000000ce380000)
 PSPermGen       total 61952K, used 34780K [0x0000000082c00000, 0x0000000086880000, 0x0000000087e00000)
  object space 61952K, 56% used [0x0000000082c00000,0x0000000084df72c8,0x0000000086880000)
}
Event: 24.146 GC heap before
{Heap before GC invocations=32 (full 7):
 PSYoungGen      total 437760K, used 306432K [0x00000000d7f00000, 0x0000000100000000, 0x0000000100000000)
  eden space 219136K, 100% used [0x00000000d7f00000,0x00000000e5500000,0x00000000e5500000)
  from space 218624K, 39% used [0x00000000f2a80000,0x00000000f7fc0040,0x0000000100000000)
  to   space 218624K, 0% used [0x00000000e5500000,0x00000000e5500000,0x00000000f2a80000)
 ParOldGen       total 1152512K, used 872561K [0x0000000087e00000, 0x00000000ce380000, 0x00000000d7f00000)
  object space 1152512K, 75% used [0x0000000087e00000,0x00000000bd21c620,0x00000000ce380000)
 PSPermGen       total 61952K, used 34781K [0x0000000082c00000, 0x0000000086880000, 0x0000000087e00000)
  object space 61952K, 56% used [0x0000000082c00000,0x0000000084df7760,0x0000000086880000)
Event: 24.422 GC heap after
Heap after GC invocations=32 (full 7):
 PSYoungGen      total 437760K, used 174688K [0x00000000d7f00000, 0x0000000100000000, 0x0000000100000000)
  eden space 219136K, 0% used [0x00000000d7f00000,0x00000000d7f00000,0x00000000e5500000)
  from space 218624K, 79% used [0x00000000e5500000,0x00000000eff98060,0x00000000f2a80000)
  to   space 218624K, 0% used [0x00000000f2a80000,0x00000000f2a80000,0x0000000100000000)
 ParOldGen       total 1152512K, used 917617K [0x0000000087e00000, 0x00000000ce380000, 0x00000000d7f00000)
  object space 1152512K, 79% used [0x0000000087e00000,0x00000000bfe1c640,0x00000000ce380000)
 PSPermGen       total 61952K, used 34781K [0x0000000082c00000, 0x0000000086880000, 0x0000000087e00000)
  object space 61952K, 56% used [0x0000000082c00000,0x0000000084df7760,0x0000000086880000)
}
Event: 25.381 GC heap before
{Heap before GC invocations=33 (full 7):
 PSYoungGen      total 437760K, used 369587K [0x00000000d7f00000, 0x0000000100000000, 0x0000000100000000)
  eden space 219136K, 88% used [0x00000000d7f00000,0x00000000e3d54d60,0x00000000e5500000)
  from space 218624K, 79% used [0x00000000e5500000,0x00000000eff98060,0x00000000f2a80000)
  to   space 218624K, 0% used [0x00000000f2a80000,0x00000000f2a80000,0x0000000100000000)
 ParOldGen       total 1152512K, used 917617K [0x0000000087e00000, 0x00000000ce380000, 0x00000000d7f00000)
  object space 1152512K, 79% used [0x0000000087e00000,0x00000000bfe1c640,0x00000000ce380000)
 PSPermGen       total 61952K, used 34812K [0x0000000082c00000, 0x0000000086880000, 0x0000000087e00000)
  object space 61952K, 56% used [0x0000000082c00000,0x0000000084dff1a0,0x0000000086880000)
Event: 25.505 GC heap after
Heap after GC invocations=33 (full 7):
 PSYoungGen      total 437760K, used 124535K [0x00000000d7f00000, 0x0000000100000000, 0x0000000100000000)
  eden space 219136K, 0% used [0x00000000d7f00000,0x00000000d7f00000,0x00000000e5500000)
  from space 218624K, 56% used [0x00000000f2a80000,0x00000000fa41dff8,0x0000000100000000)
  to   space 218624K, 0% used [0x00000000e5500000,0x00000000e5500000,0x00000000f2a80000)
 ParOldGen       total 1152512K, used 1092241K [0x0000000087e00000, 0x00000000ce380000, 0x00000000d7f00000)
  object space 1152512K, 94% used [0x0000000087e00000,0x00000000ca8a46a0,0x00000000ce380000)
 PSPermGen       total 61952K, used 34812K [0x0000000082c00000, 0x0000000086880000, 0x0000000087e00000)
  object space 61952K, 56% used [0x0000000082c00000,0x0000000084dff1a0,0x0000000086880000)
}
Event: 25.505 GC heap before
{Heap before GC invocations=34 (full 8):
 PSYoungGen      total 437760K, used 124535K [0x00000000d7f00000, 0x0000000100000000, 0x0000000100000000)
  eden space 219136K, 0% used [0x00000000d7f00000,0x00000000d7f00000,0x00000000e5500000)
  from space 218624K, 56% used [0x00000000f2a80000,0x00000000fa41dff8,0x0000000100000000)
  to   space 218624K, 0% used [0x00000000e5500000,0x00000000e5500000,0x00000000f2a80000)
 ParOldGen       total 1152512K, used 1092241K [0x0000000087e00000, 0x00000000ce380000, 0x00000000d7f00000)
  object space 1152512K, 94% used [0x0000000087e00000,0x00000000ca8a46a0,0x00000000ce380000)
 PSPermGen       total 61952K, used 34812K [0x0000000082c00000, 0x0000000086880000, 0x0000000087e00000)
  object space 61952K, 56% used [0x0000000082c00000,0x0000000084dff1a0,0x0000000086880000)

