# JRE version: Java(TM) SE Runtime Environment (7.0_79-b15) (build 1.7.0_79-b15)
# Java VM: Java HotSpot(TM) 64-Bit Server VM (24.79-b02 mixed mode linux-amd64 compressed oops)
Heap
 PSYoungGen      total 412672K, used 0K [0x00000000d7f00000, 0x0000000100000000, 0x0000000100000000)
  eden space 219136K, 0% used [0x00000000d7f00000,0x00000000d7f00000,0x00000000e5500000)
  from space 193536K, 0% used [0x00000000f4300000,0x00000000f4300000,0x0000000100000000)
  to   space 218624K, 0% used [0x00000000e5500000,0x00000000e5500000,0x00000000f2a80000)
 ParOldGen       total 596992K, used 505701K [0x0000000087e00000, 0x00000000ac500000, 0x00000000d7f00000)
  object space 596992K, 84% used [0x0000000087e00000,0x00000000a6bd96e8,0x00000000ac500000)
 PSPermGen       total 83968K, used 55747K [0x0000000082c00000, 0x0000000087e00000, 0x0000000087e00000)
  object space 83968K, 66% used [0x0000000082c00000,0x0000000086270c38,0x0000000087e00000)
GC Heap History (10 events):
Event: 65.479 GC heap after
Heap after GC invocations=26 (full 4):
 PSYoungGen      total 466944K, used 109654K [0x00000000d7f00000, 0x0000000100000000, 0x0000000100000000)
  eden space 348160K, 0% used [0x00000000d7f00000,0x00000000d7f00000,0x00000000ed300000)
  from space 118784K, 92% used [0x00000000f8c00000,0x00000000ff7158d8,0x0000000100000000)
  to   space 154112K, 0% used [0x00000000ed300000,0x00000000ed300000,0x00000000f6980000)
 ParOldGen       total 573952K, used 440499K [0x0000000087e00000, 0x00000000aae80000, 0x00000000d7f00000)
  object space 573952K, 76% used [0x0000000087e00000,0x00000000a2c2ce80,0x00000000aae80000)
 PSPermGen       total 83968K, used 55316K [0x0000000082c00000, 0x0000000087e00000, 0x0000000087e00000)
  object space 83968K, 65% used [0x0000000082c00000,0x0000000086205128,0x0000000087e00000)
}
Event: 76.163 GC heap before
{Heap before GC invocations=27 (full 4):
 PSYoungGen      total 466944K, used 457814K [0x00000000d7f00000, 0x0000000100000000, 0x0000000100000000)
  eden space 348160K, 100% used [0x00000000d7f00000,0x00000000ed300000,0x00000000ed300000)
  from space 118784K, 92% used [0x00000000f8c00000,0x00000000ff7158d8,0x0000000100000000)
  to   space 154112K, 0% used [0x00000000ed300000,0x00000000ed300000,0x00000000f6980000)
 ParOldGen       total 573952K, used 440499K [0x0000000087e00000, 0x00000000aae80000, 0x00000000d7f00000)
  object space 573952K, 76% used [0x0000000087e00000,0x00000000a2c2ce80,0x00000000aae80000)
 PSPermGen       total 83968K, used 55741K [0x0000000082c00000, 0x0000000087e00000, 0x0000000087e00000)
  object space 83968K, 66% used [0x0000000082c00000,0x000000008626f490,0x0000000087e00000)
Event: 76.209 GC heap after
Heap after GC invocations=27 (full 4):
 PSYoungGen      total 456704K, used 108274K [0x00000000d7f00000, 0x0000000100000000, 0x0000000100000000)
  eden space 348160K, 0% used [0x00000000d7f00000,0x00000000d7f00000,0x00000000ed300000)
  from space 108544K, 99% used [0x00000000ed300000,0x00000000f3cbc858,0x00000000f3d00000)
  to   space 161792K, 0% used [0x00000000f6200000,0x00000000f6200000,0x0000000100000000)
 ParOldGen       total 573952K, used 440499K [0x0000000087e00000, 0x00000000aae80000, 0x00000000d7f00000)
  object space 573952K, 76% used [0x0000000087e00000,0x00000000a2c2ce80,0x00000000aae80000)
 PSPermGen       total 83968K, used 55741K [0x0000000082c00000, 0x0000000087e00000, 0x0000000087e00000)
  object space 83968K, 66% used [0x0000000082c00000,0x000000008626f490,0x0000000087e00000)
}
Event: 76.708 GC heap before
{Heap before GC invocations=28 (full 4):
 PSYoungGen      total 456704K, used 454825K [0x00000000d7f00000, 0x0000000100000000, 0x0000000100000000)
  eden space 348160K, 99% used [0x00000000d7f00000,0x00000000ed16dec8,0x00000000ed300000)
  from space 108544K, 99% used [0x00000000ed300000,0x00000000f3cbc858,0x00000000f3d00000)
  to   space 161792K, 0% used [0x00000000f6200000,0x00000000f6200000,0x0000000100000000)
 ParOldGen       total 573952K, used 440499K [0x0000000087e00000, 0x00000000aae80000, 0x00000000d7f00000)
  object space 573952K, 76% used [0x0000000087e00000,0x00000000a2c2ce80,0x00000000aae80000)
 PSPermGen       total 83968K, used 55741K [0x0000000082c00000, 0x0000000087e00000, 0x0000000087e00000)
  object space 83968K, 66% used [0x0000000082c00000,0x000000008626f490,0x0000000087e00000)
Event: 76.847 GC heap after
Heap after GC invocations=28 (full 4):
 PSYoungGen      total 431104K, used 161786K [0x00000000d7f00000, 0x0000000100000000, 0x0000000100000000)
  eden space 269312K, 0% used [0x00000000d7f00000,0x00000000d7f00000,0x00000000e8600000)
  from space 161792K, 99% used [0x00000000f6200000,0x00000000ffffe848,0x0000000100000000)
  to   space 193536K, 0% used [0x00000000e8600000,0x00000000e8600000,0x00000000f4300000)
 ParOldGen       total 573952K, used 455947K [0x0000000087e00000, 0x00000000aae80000, 0x00000000d7f00000)
  object space 573952K, 79% used [0x0000000087e00000,0x00000000a3b42e80,0x00000000aae80000)
 PSPermGen       total 83968K, used 55741K [0x0000000082c00000, 0x0000000087e00000, 0x0000000087e00000)
  object space 83968K, 66% used [0x0000000082c00000,0x000000008626f490,0x0000000087e00000)
}
Event: 77.543 GC heap before
{Heap before GC invocations=29 (full 4):
 PSYoungGen      total 431104K, used 431098K [0x00000000d7f00000, 0x0000000100000000, 0x0000000100000000)
  eden space 269312K, 100% used [0x00000000d7f00000,0x00000000e8600000,0x00000000e8600000)
  from space 161792K, 99% used [0x00000000f6200000,0x00000000ffffe848,0x0000000100000000)
  to   space 193536K, 0% used [0x00000000e8600000,0x00000000e8600000,0x00000000f4300000)
 ParOldGen       total 573952K, used 455947K [0x0000000087e00000, 0x00000000aae80000, 0x00000000d7f00000)
  object space 573952K, 79% used [0x0000000087e00000,0x00000000a3b42e80,0x00000000aae80000)
 PSPermGen       total 83968K, used 55747K [0x0000000082c00000, 0x0000000087e00000, 0x0000000087e00000)
  object space 83968K, 66% used [0x0000000082c00000,0x0000000086270db8,0x0000000087e00000)
Event: 77.728 GC heap after
Heap after GC invocations=29 (full 4):
 PSYoungGen      total 462848K, used 193522K [0x00000000d7f00000, 0x0000000100000000, 0x0000000100000000)
  eden space 269312K, 0% used [0x00000000d7f00000,0x00000000d7f00000,0x00000000e8600000)
  from space 193536K, 99% used [0x00000000e8600000,0x00000000f42fc8f8,0x00000000f4300000)
  to   space 193536K, 0% used [0x00000000f4300000,0x00000000f4300000,0x0000000100000000)
 ParOldGen       total 573952K, used 482035K [0x0000000087e00000, 0x00000000aae80000, 0x00000000d7f00000)
  object space 573952K, 83% used [0x0000000087e00000,0x00000000a54bce80,0x00000000aae80000)
 PSPermGen       total 83968K, used 55747K [0x0000000082c00000, 0x0000000087e00000, 0x0000000087e00000)
  object space 83968K, 66% used [0x0000000082c00000,0x0000000086270db8,0x0000000087e00000)
}
Event: 77.898 GC heap before
{Heap before GC invocations=30 (full 4):
 PSYoungGen      total 462848K, used 462834K [0x00000000d7f00000, 0x0000000100000000, 0x0000000100000000)
  eden space 269312K, 100% used [0x00000000d7f00000,0x00000000e8600000,0x00000000e8600000)
  from space 193536K, 99% used [0x00000000e8600000,0x00000000f42fc8f8,0x00000000f4300000)
  to   space 193536K, 0% used [0x00000000f4300000,0x00000000f4300000,0x0000000100000000)
 ParOldGen       total 573952K, used 482035K [0x0000000087e00000, 0x00000000aae80000, 0x00000000d7f00000)
  object space 573952K, 83% used [0x0000000087e00000,0x00000000a54bce80,0x00000000aae80000)
 PSPermGen       total 83968K, used 55748K [0x0000000082c00000, 0x0000000087e00000, 0x0000000087e00000)
  object space 83968K, 66% used [0x0000000082c00000,0x00000000862712e8,0x0000000087e00000)
Event: 79.041 GC heap after
Heap after GC invocations=30 (full 4):
 PSYoungGen      total 412672K, used 123814K [0x00000000d7f00000, 0x0000000100000000, 0x0000000100000000)
  eden space 219136K, 0% used [0x00000000d7f00000,0x00000000d7f00000,0x00000000e5500000)
  from space 193536K, 63% used [0x00000000f4300000,0x00000000fbbe9838,0x0000000100000000)
  to   space 218624K, 0% used [0x00000000e5500000,0x00000000e5500000,0x00000000f2a80000)
 ParOldGen       total 596992K, used 596382K [0x0000000087e00000, 0x00000000ac500000, 0x00000000d7f00000)
  object space 596992K, 99% used [0x0000000087e00000,0x00000000ac467838,0x00000000ac500000)
 PSPermGen       total 83968K, used 55748K [0x0000000082c00000, 0x0000000087e00000, 0x0000000087e00000)
  object space 83968K, 66% used [0x0000000082c00000,0x00000000862712e8,0x0000000087e00000)
}
Event: 79.041 GC heap before
{Heap before GC invocations=31 (full 5):
 PSYoungGen      total 412672K, used 123814K [0x00000000d7f00000, 0x0000000100000000, 0x0000000100000000)
  eden space 219136K, 0% used [0x00000000d7f00000,0x00000000d7f00000,0x00000000e5500000)
  from space 193536K, 63% used [0x00000000f4300000,0x00000000fbbe9838,0x0000000100000000)
  to   space 218624K, 0% used [0x00000000e5500000,0x00000000e5500000,0x00000000f2a80000)
 ParOldGen       total 596992K, used 596382K [0x0000000087e00000, 0x00000000ac500000, 0x00000000d7f00000)
  object space 596992K, 99% used [0x0000000087e00000,0x00000000ac467838,0x00000000ac500000)
 PSPermGen       total 83968K, used 55748K [0x0000000082c00000, 0x0000000087e00000, 0x0000000087e00000)
  object space 83968K, 66% used [0x0000000082c00000,0x00000000862712e8,0x0000000087e00000)

