# JRE version: Java(TM) SE Runtime Environment (7.0_79-b15) (build 1.7.0_79-b15)
# Java VM: Java HotSpot(TM) 64-Bit Server VM (24.79-b02 mixed mode linux-amd64 compressed oops)
Heap
 PSYoungGen      total 437760K, used 0K [0x00000000d7f00000, 0x0000000100000000, 0x0000000100000000)
  eden space 219136K, 0% used [0x00000000d7f00000,0x00000000d7f00000,0x00000000e5500000)
  from space 218624K, 0% used [0x00000000f2a80000,0x00000000f2a80000,0x0000000100000000)
  to   space 218624K, 0% used [0x00000000e5500000,0x00000000e5500000,0x00000000f2a80000)
 ParOldGen       total 1107456K, used 910793K [0x0000000087e00000, 0x00000000cb780000, 0x00000000d7f00000)
  object space 1107456K, 82% used [0x0000000087e00000,0x00000000bf7727b8,0x00000000cb780000)
 PSPermGen       total 55296K, used 36630K [0x0000000082c00000, 0x0000000086200000, 0x0000000087e00000)
  object space 55296K, 66% used [0x0000000082c00000,0x0000000084fc5ac8,0x0000000086200000)
GC Heap History (10 events):
Event: 41.297 GC heap after
Heap after GC invocations=84 (full 10):
 PSYoungGen      total 437760K, used 167951K [0x00000000d7f00000, 0x0000000100000000, 0x0000000100000000)
  eden space 219136K, 0% used [0x00000000d7f00000,0x00000000d7f00000,0x00000000e5500000)
  from space 218624K, 76% used [0x00000000f2a80000,0x00000000fce83d60,0x0000000100000000)
  to   space 218624K, 0% used [0x00000000e5500000,0x00000000e5500000,0x00000000f2a80000)
 ParOldGen       total 1107456K, used 904883K [0x0000000087e00000, 0x00000000cb780000, 0x00000000d7f00000)
  object space 1107456K, 81% used [0x0000000087e00000,0x00000000bf1ace98,0x00000000cb780000)
 PSPermGen       total 55296K, used 36626K [0x0000000082c00000, 0x0000000086200000, 0x0000000087e00000)
  object space 55296K, 66% used [0x0000000082c00000,0x0000000084fc4948,0x0000000086200000)
}
Event: 41.479 GC heap before
{Heap before GC invocations=85 (full 10):
 PSYoungGen      total 437760K, used 387087K [0x00000000d7f00000, 0x0000000100000000, 0x0000000100000000)
  eden space 219136K, 100% used [0x00000000d7f00000,0x00000000e5500000,0x00000000e5500000)
  from space 218624K, 76% used [0x00000000f2a80000,0x00000000fce83d60,0x0000000100000000)
  to   space 218624K, 0% used [0x00000000e5500000,0x00000000e5500000,0x00000000f2a80000)
 ParOldGen       total 1107456K, used 904883K [0x0000000087e00000, 0x00000000cb780000, 0x00000000d7f00000)
  object space 1107456K, 81% used [0x0000000087e00000,0x00000000bf1ace98,0x00000000cb780000)
 PSPermGen       total 55296K, used 36626K [0x0000000082c00000, 0x0000000086200000, 0x0000000087e00000)
  object space 55296K, 66% used [0x0000000082c00000,0x0000000084fc4948,0x0000000086200000)
Event: 41.623 GC heap after
Heap after GC invocations=85 (full 10):
 PSYoungGen      total 437760K, used 210471K [0x00000000d7f00000, 0x0000000100000000, 0x0000000100000000)
  eden space 219136K, 0% used [0x00000000d7f00000,0x00000000d7f00000,0x00000000e5500000)
  from space 218624K, 96% used [0x00000000e5500000,0x00000000f2289d30,0x00000000f2a80000)
  to   space 218624K, 0% used [0x00000000f2a80000,0x00000000f2a80000,0x0000000100000000)
 ParOldGen       total 1107456K, used 960035K [0x0000000087e00000, 0x00000000cb780000, 0x00000000d7f00000)
  object space 1107456K, 86% used [0x0000000087e00000,0x00000000c2788ec8,0x00000000cb780000)
 PSPermGen       total 55296K, used 36626K [0x0000000082c00000, 0x0000000086200000, 0x0000000087e00000)
  object space 55296K, 66% used [0x0000000082c00000,0x0000000084fc4948,0x0000000086200000)
}
Event: 41.956 GC heap before
{Heap before GC invocations=86 (full 10):
 PSYoungGen      total 437760K, used 429607K [0x00000000d7f00000, 0x0000000100000000, 0x0000000100000000)
  eden space 219136K, 100% used [0x00000000d7f00000,0x00000000e5500000,0x00000000e5500000)
  from space 218624K, 96% used [0x00000000e5500000,0x00000000f2289d30,0x00000000f2a80000)
  to   space 218624K, 0% used [0x00000000f2a80000,0x00000000f2a80000,0x0000000100000000)
 ParOldGen       total 1107456K, used 960035K [0x0000000087e00000, 0x00000000cb780000, 0x00000000d7f00000)
  object space 1107456K, 86% used [0x0000000087e00000,0x00000000c2788ec8,0x00000000cb780000)
 PSPermGen       total 55296K, used 36630K [0x0000000082c00000, 0x0000000086200000, 0x0000000087e00000)
  object space 55296K, 66% used [0x0000000082c00000,0x0000000084fc58e0,0x0000000086200000)
Event: 42.053 GC heap after
Heap after GC invocations=86 (full 10):
 PSYoungGen      total 437760K, used 149828K [0x00000000d7f00000, 0x0000000100000000, 0x0000000100000000)
  eden space 219136K, 0% used [0x00000000d7f00000,0x00000000d7f00000,0x00000000e5500000)
  from space 218624K, 68% used [0x00000000f2a80000,0x00000000fbcd12d8,0x0000000100000000)
  to   space 218624K, 0% used [0x00000000e5500000,0x00000000e5500000,0x00000000f2a80000)
 ParOldGen       total 1107456K, used 987171K [0x0000000087e00000, 0x00000000cb780000, 0x00000000d7f00000)
  object space 1107456K, 89% used [0x0000000087e00000,0x00000000c4208ec8,0x00000000cb780000)
 PSPermGen       total 55296K, used 36630K [0x0000000082c00000, 0x0000000086200000, 0x0000000087e00000)
  object space 55296K, 66% used [0x0000000082c00000,0x0000000084fc58e0,0x0000000086200000)
}
Event: 42.167 GC heap before
{Heap before GC invocations=87 (full 10):
 PSYoungGen      total 437760K, used 340532K [0x00000000d7f00000, 0x0000000100000000, 0x0000000100000000)
  eden space 219136K, 87% used [0x00000000d7f00000,0x00000000e393bff0,0x00000000e5500000)
  from space 218624K, 68% used [0x00000000f2a80000,0x00000000fbcd12d8,0x0000000100000000)
  to   space 218624K, 0% used [0x00000000e5500000,0x00000000e5500000,0x00000000f2a80000)
 ParOldGen       total 1107456K, used 987171K [0x0000000087e00000, 0x00000000cb780000, 0x00000000d7f00000)
  object space 1107456K, 89% used [0x0000000087e00000,0x00000000c4208ec8,0x00000000cb780000)
 PSPermGen       total 55296K, used 36630K [0x0000000082c00000, 0x0000000086200000, 0x0000000087e00000)
  object space 55296K, 66% used [0x0000000082c00000,0x0000000084fc58e0,0x0000000086200000)
Event: 42.278 GC heap after
Heap after GC invocations=87 (full 10):
 PSYoungGen      total 437760K, used 183944K [0x00000000d7f00000, 0x0000000100000000, 0x0000000100000000)
  eden space 219136K, 0% used [0x00000000d7f00000,0x00000000d7f00000,0x00000000e5500000)
  from space 218624K, 84% used [0x00000000e5500000,0x00000000f08a23a0,0x00000000f2a80000)
  to   space 218624K, 0% used [0x00000000f2a80000,0x00000000f2a80000,0x0000000100000000)
 ParOldGen       total 1107456K, used 1004222K [0x0000000087e00000, 0x00000000cb780000, 0x00000000d7f00000)
  object space 1107456K, 90% used [0x0000000087e00000,0x00000000c52af8a0,0x00000000cb780000)
 PSPermGen       total 55296K, used 36630K [0x0000000082c00000, 0x0000000086200000, 0x0000000087e00000)
  object space 55296K, 66% used [0x0000000082c00000,0x0000000084fc58e0,0x0000000086200000)
}
Event: 42.487 GC heap before
{Heap before GC invocations=88 (full 10):
 PSYoungGen      total 437760K, used 403080K [0x00000000d7f00000, 0x0000000100000000, 0x0000000100000000)
  eden space 219136K, 100% used [0x00000000d7f00000,0x00000000e5500000,0x00000000e5500000)
  from space 218624K, 84% used [0x00000000e5500000,0x00000000f08a23a0,0x00000000f2a80000)
  to   space 218624K, 0% used [0x00000000f2a80000,0x00000000f2a80000,0x0000000100000000)
 ParOldGen       total 1107456K, used 1004222K [0x0000000087e00000, 0x00000000cb780000, 0x00000000d7f00000)
  object space 1107456K, 90% used [0x0000000087e00000,0x00000000c52af8a0,0x00000000cb780000)
 PSPermGen       total 55296K, used 36630K [0x0000000082c00000, 0x0000000086200000, 0x0000000087e00000)
  object space 55296K, 66% used [0x0000000082c00000,0x0000000084fc5ae8,0x0000000086200000)
Event: 42.664 GC heap after
Heap after GC invocations=88 (full 10):
 PSYoungGen      total 437760K, used 116666K [0x00000000d7f00000, 0x0000000100000000, 0x0000000100000000)
  eden space 219136K, 0% used [0x00000000d7f00000,0x00000000d7f00000,0x00000000e5500000)
  from space 218624K, 53% used [0x00000000f2a80000,0x00000000f9c6e9d8,0x0000000100000000)
  to   space 218624K, 0% used [0x00000000e5500000,0x00000000e5500000,0x00000000f2a80000)
 ParOldGen       total 1107456K, used 1087334K [0x0000000087e00000, 0x00000000cb780000, 0x00000000d7f00000)
  object space 1107456K, 98% used [0x0000000087e00000,0x00000000ca3d9908,0x00000000cb780000)
 PSPermGen       total 55296K, used 36630K [0x0000000082c00000, 0x0000000086200000, 0x0000000087e00000)
  object space 55296K, 66% used [0x0000000082c00000,0x0000000084fc5ae8,0x0000000086200000)
}
Event: 42.664 GC heap before
{Heap before GC invocations=89 (full 11):
 PSYoungGen      total 437760K, used 116666K [0x00000000d7f00000, 0x0000000100000000, 0x0000000100000000)
  eden space 219136K, 0% used [0x00000000d7f00000,0x00000000d7f00000,0x00000000e5500000)
  from space 218624K, 53% used [0x00000000f2a80000,0x00000000f9c6e9d8,0x0000000100000000)
  to   space 218624K, 0% used [0x00000000e5500000,0x00000000e5500000,0x00000000f2a80000)
 ParOldGen       total 1107456K, used 1087334K [0x0000000087e00000, 0x00000000cb780000, 0x00000000d7f00000)
  object space 1107456K, 98% used [0x0000000087e00000,0x00000000ca3d9908,0x00000000cb780000)
 PSPermGen       total 55296K, used 36630K [0x0000000082c00000, 0x0000000086200000, 0x0000000087e00000)
  object space 55296K, 66% used [0x0000000082c00000,0x0000000084fc5ae8,0x0000000086200000)

