# JRE version: Java(TM) SE Runtime Environment (7.0_79-b15) (build 1.7.0_79-b15)
# Java VM: Java HotSpot(TM) 64-Bit Server VM (24.79-b02 mixed mode linux-amd64 compressed oops)
Heap
 PSYoungGen      total 393728K, used 0K [0x00000000d7f00000, 0x00000000ff900000, 0x0000000100000000)
  eden space 191488K, 0% used [0x00000000d7f00000,0x00000000d7f00000,0x00000000e3a00000)
  from space 202240K, 0% used [0x00000000e3a00000,0x00000000e3a00000,0x00000000eff80000)
  to   space 218624K, 11% used [0x00000000f2380000,0x00000000f3c0a3f0,0x00000000ff900000)
 ParOldGen       total 712704K, used 712330K [0x0000000087e00000, 0x00000000b3600000, 0x00000000d7f00000)
  object space 712704K, 99% used [0x0000000087e00000,0x00000000b35a28d8,0x00000000b3600000)
 PSPermGen       total 83968K, used 49384K [0x0000000082c00000, 0x0000000087e00000, 0x0000000087e00000)
  object space 83968K, 58% used [0x0000000082c00000,0x0000000085c3a200,0x0000000087e00000)
GC Heap History (10 events):
Event: 29.558 GC heap after
Heap after GC invocations=18 (full 3):
 PSYoungGen      total 330240K, used 167392K [0x00000000d7f00000, 0x00000000fd400000, 0x0000000100000000)
  eden space 162816K, 0% used [0x00000000d7f00000,0x00000000d7f00000,0x00000000e1e00000)
  from space 167424K, 99% used [0x00000000e1e00000,0x00000000ec178030,0x00000000ec180000)
  to   space 211456K, 0% used [0x00000000f0580000,0x00000000f0580000,0x00000000fd400000)
 ParOldGen       total 421376K, used 364425K [0x0000000087e00000, 0x00000000a1980000, 0x00000000d7f00000)
  object space 421376K, 86% used [0x0000000087e00000,0x000000009e1e2680,0x00000000a1980000)
 PSPermGen       total 83968K, used 49324K [0x0000000082c00000, 0x0000000087e00000, 0x0000000087e00000)
  object space 83968K, 58% used [0x0000000082c00000,0x0000000085c2b1d0,0x0000000087e00000)
}
Event: 29.558 GC heap before
{Heap before GC invocations=19 (full 4):
 PSYoungGen      total 330240K, used 167392K [0x00000000d7f00000, 0x00000000fd400000, 0x0000000100000000)
  eden space 162816K, 0% used [0x00000000d7f00000,0x00000000d7f00000,0x00000000e1e00000)
  from space 167424K, 99% used [0x00000000e1e00000,0x00000000ec178030,0x00000000ec180000)
  to   space 211456K, 0% used [0x00000000f0580000,0x00000000f0580000,0x00000000fd400000)
 ParOldGen       total 421376K, used 364425K [0x0000000087e00000, 0x00000000a1980000, 0x00000000d7f00000)
  object space 421376K, 86% used [0x0000000087e00000,0x000000009e1e2680,0x00000000a1980000)
 PSPermGen       total 83968K, used 49324K [0x0000000082c00000, 0x0000000087e00000, 0x0000000087e00000)
  object space 83968K, 58% used [0x0000000082c00000,0x0000000085c2b1d0,0x0000000087e00000)
Event: 31.536 GC heap after
Heap after GC invocations=19 (full 4):
 PSYoungGen      total 330240K, used 105869K [0x00000000d7f00000, 0x00000000fd400000, 0x0000000100000000)
  eden space 162816K, 0% used [0x00000000d7f00000,0x00000000d7f00000,0x00000000e1e00000)
  from space 167424K, 63% used [0x00000000e1e00000,0x00000000e8563668,0x00000000ec180000)
  to   space 211456K, 0% used [0x00000000f0580000,0x00000000f0580000,0x00000000fd400000)
 ParOldGen       total 643584K, used 420888K [0x0000000087e00000, 0x00000000af280000, 0x00000000d7f00000)
  object space 643584K, 65% used [0x0000000087e00000,0x00000000a19063d0,0x00000000af280000)
 PSPermGen       total 83968K, used 49324K [0x0000000082c00000, 0x0000000087e00000, 0x0000000087e00000)
  object space 83968K, 58% used [0x0000000082c00000,0x0000000085c2b170,0x0000000087e00000)
}
Event: 32.097 GC heap before
{Heap before GC invocations=20 (full 4):
 PSYoungGen      total 330240K, used 268685K [0x00000000d7f00000, 0x00000000fd400000, 0x0000000100000000)
  eden space 162816K, 100% used [0x00000000d7f00000,0x00000000e1e00000,0x00000000e1e00000)
  from space 167424K, 63% used [0x00000000e1e00000,0x00000000e8563668,0x00000000ec180000)
  to   space 211456K, 0% used [0x00000000f0580000,0x00000000f0580000,0x00000000fd400000)
 ParOldGen       total 643584K, used 420888K [0x0000000087e00000, 0x00000000af280000, 0x00000000d7f00000)
  object space 643584K, 65% used [0x0000000087e00000,0x00000000a19063d0,0x00000000af280000)
 PSPermGen       total 83968K, used 49359K [0x0000000082c00000, 0x0000000087e00000, 0x0000000087e00000)
  object space 83968K, 58% used [0x0000000082c00000,0x0000000085c33e70,0x0000000087e00000)
Event: 32.817 GC heap after
Heap after GC invocations=20 (full 4):
 PSYoungGen      total 387584K, used 85769K [0x00000000d7f00000, 0x00000000fc500000, 0x0000000100000000)
  eden space 191488K, 0% used [0x00000000d7f00000,0x00000000d7f00000,0x00000000e3a00000)
  from space 196096K, 43% used [0x00000000f0580000,0x00000000f5942548,0x00000000fc500000)
  to   space 202240K, 0% used [0x00000000e3a00000,0x00000000e3a00000,0x00000000eff80000)
 ParOldGen       total 643584K, used 527096K [0x0000000087e00000, 0x00000000af280000, 0x00000000d7f00000)
  object space 643584K, 81% used [0x0000000087e00000,0x00000000a80be3d0,0x00000000af280000)
 PSPermGen       total 83968K, used 49359K [0x0000000082c00000, 0x0000000087e00000, 0x0000000087e00000)
  object space 83968K, 58% used [0x0000000082c00000,0x0000000085c33e70,0x0000000087e00000)
}
Event: 34.152 GC heap before
{Heap before GC invocations=21 (full 4):
 PSYoungGen      total 387584K, used 277257K [0x00000000d7f00000, 0x00000000fc500000, 0x0000000100000000)
  eden space 191488K, 100% used [0x00000000d7f00000,0x00000000e3a00000,0x00000000e3a00000)
  from space 196096K, 43% used [0x00000000f0580000,0x00000000f5942548,0x00000000fc500000)
  to   space 202240K, 0% used [0x00000000e3a00000,0x00000000e3a00000,0x00000000eff80000)
 ParOldGen       total 643584K, used 527096K [0x0000000087e00000, 0x00000000af280000, 0x00000000d7f00000)
  object space 643584K, 81% used [0x0000000087e00000,0x00000000a80be3d0,0x00000000af280000)
 PSPermGen       total 83968K, used 49379K [0x0000000082c00000, 0x0000000087e00000, 0x0000000087e00000)
  object space 83968K, 58% used [0x0000000082c00000,0x0000000085c38c80,0x0000000087e00000)
Event: 34.264 GC heap after
Heap after GC invocations=21 (full 4):
 PSYoungGen      total 393728K, used 184425K [0x00000000d7f00000, 0x00000000ff900000, 0x0000000100000000)
  eden space 191488K, 0% used [0x00000000d7f00000,0x00000000d7f00000,0x00000000e3a00000)
  from space 202240K, 91% used [0x00000000e3a00000,0x00000000eee1a548,0x00000000eff80000)
  to   space 218624K, 0% used [0x00000000f2380000,0x00000000f2380000,0x00000000ff900000)
 ParOldGen       total 643584K, used 527096K [0x0000000087e00000, 0x00000000af280000, 0x00000000d7f00000)
  object space 643584K, 81% used [0x0000000087e00000,0x00000000a80be3d0,0x00000000af280000)
 PSPermGen       total 83968K, used 49379K [0x0000000082c00000, 0x0000000087e00000, 0x0000000087e00000)
  object space 83968K, 58% used [0x0000000082c00000,0x0000000085c38c80,0x0000000087e00000)
}
Event: 35.067 GC heap before
{Heap before GC invocations=22 (full 4):
 PSYoungGen      total 393728K, used 366172K [0x00000000d7f00000, 0x00000000ff900000, 0x0000000100000000)
  eden space 191488K, 94% used [0x00000000d7f00000,0x00000000e307cbc8,0x00000000e3a00000)
  from space 202240K, 91% used [0x00000000e3a00000,0x00000000eee1a548,0x00000000eff80000)
  to   space 218624K, 0% used [0x00000000f2380000,0x00000000f2380000,0x00000000ff900000)
 ParOldGen       total 643584K, used 527096K [0x0000000087e00000, 0x00000000af280000, 0x00000000d7f00000)
  object space 643584K, 81% used [0x0000000087e00000,0x00000000a80be3d0,0x00000000af280000)
 PSPermGen       total 83968K, used 49384K [0x0000000082c00000, 0x0000000087e00000, 0x0000000087e00000)
  object space 83968K, 58% used [0x0000000082c00000,0x0000000085c3a320,0x0000000087e00000)
Event: 35.801 GC heap after
Heap after GC invocations=22 (full 4):
 PSYoungGen      total 393728K, used 366172K [0x00000000d7f00000, 0x00000000ff900000, 0x0000000100000000)
  eden space 191488K, 94% used [0x00000000d7f00000,0x00000000e307cbc8,0x00000000e3a00000)
  from space 202240K, 91% used [0x00000000e3a00000,0x00000000eee1a548,0x00000000eff80000)
  to   space 218624K, 44% used [0x00000000f2380000,0x00000000f8198000,0x00000000ff900000)
 ParOldGen       total 712704K, used 711298K [0x0000000087e00000, 0x00000000b3600000, 0x00000000d7f00000)
  object space 712704K, 99% used [0x0000000087e00000,0x00000000b34a0918,0x00000000b3600000)
 PSPermGen       total 83968K, used 49384K [0x0000000082c00000, 0x0000000087e00000, 0x0000000087e00000)
  object space 83968K, 58% used [0x0000000082c00000,0x0000000085c3a320,0x0000000087e00000)
}
Event: 35.801 GC heap before
{Heap before GC invocations=23 (full 5):
 PSYoungGen      total 393728K, used 366172K [0x00000000d7f00000, 0x00000000ff900000, 0x0000000100000000)
  eden space 191488K, 94% used [0x00000000d7f00000,0x00000000e307cbc8,0x00000000e3a00000)
  from space 202240K, 91% used [0x00000000e3a00000,0x00000000eee1a548,0x00000000eff80000)
  to   space 218624K, 44% used [0x00000000f2380000,0x00000000f8198000,0x00000000ff900000)
 ParOldGen       total 712704K, used 711298K [0x0000000087e00000, 0x00000000b3600000, 0x00000000d7f00000)
  object space 712704K, 99% used [0x0000000087e00000,0x00000000b34a0918,0x00000000b3600000)
 PSPermGen       total 83968K, used 49384K [0x0000000082c00000, 0x0000000087e00000, 0x0000000087e00000)
  object space 83968K, 58% used [0x0000000082c00000,0x0000000085c3a320,0x0000000087e00000)

